INFO Watching for file changes with StatReloader
/Users/artdebmac/Library/Python/3.9/lib/python/site-packages/urllib3/__init__.py:35: NotOpenSSLWarning: urllib3 v2 only supports OpenSSL 1.1.1+, currently the 'ssl' module is compiled with 'LibreSSL 2.8.3'. See: https://github.com/urllib3/urllib3/issues/3020
  warnings.warn(
INFO BatchedInferencePipeline available - advanced features enabled
INFO "GET / HTTP/1.1" 200 19950
INFO "GET /create-insight/ HTTP/1.1" 200 74392
INFO "POST /upload-audio/ HTTP/1.1" 200 112
INFO Processing audio file: 1.1MB
INFO "POST /start-transcription/ HTTP/1.1" 200 53
INFO Creating enhanced batched inference pipeline for model: medium
INFO Loading Whisper model: medium
INFO Apple Silicon detected: Apple M4
INFO Available memory: 6.4GB
INFO Apple Silicon detected - using optimized CPU + Neural Engine configuration
INFO "GET /transcription-progress/?meeting_id=c199c75f-9156-4a39-8ef6-e2eb2743cb69 HTTP/1.1" 200 71
INFO Whisper model medium loaded and validated successfully on cpu with compute_type int8
INFO M4 optimization: 5.8GB available, batch_size=8
INFO Enhanced batched model created: batch_size=8, chunk_length=25, VAD enabled
INFO Using enhanced batched inference pipeline with VAD
INFO Model load time: 2.39s
INFO Advanced parameters enabled for faster-whisper v1.1+
INFO faster-whisper version: 1.1.1, supported params: 21
INFO Word timestamps enabled
INFO VAD filtering enabled with batch_size=8
INFO Enhanced transcription parameters (15): ['language', 'task', 'beam_size', 'temperature', 'condition_on_previous_text', 'patience', 'suppress_blank', 'word_timestamps', 'compression_ratio_threshold', 'logprob_threshold', 'no_speech_threshold', 'log_prob_threshold', 'vad_filter', 'batch_size', 'chunk_length']
ERROR Language detection failed: 'str' object has no attribute 'dtype'
ERROR Transcription failed after 2.40s: transcribe() got an unexpected keyword argument 'logprob_threshold'
INFO "GET /transcription-progress/?meeting_id=c199c75f-9156-4a39-8ef6-e2eb2743cb69 HTTP/1.1" 200 134
INFO /Users/artdebmac/Desktop/2025-TMVault/00 Art/Personal Projects/TM IntelliMind/core/utils.py changed, reloading.
Performing system checks...

System check identified no issues (0 silenced).
July 06, 2025 - 09:21:15
Django version 4.2.23, using settings 'meetingmind.settings'
Starting development server at http://127.0.0.1:8005/
Quit the server with CONTROL-C.

INFO Watching for file changes with StatReloader
/Users/artdebmac/Library/Python/3.9/lib/python/site-packages/urllib3/__init__.py:35: NotOpenSSLWarning: urllib3 v2 only supports OpenSSL 1.1.1+, currently the 'ssl' module is compiled with 'LibreSSL 2.8.3'. See: https://github.com/urllib3/urllib3/issues/3020
  warnings.warn(
INFO BatchedInferencePipeline available - advanced features enabled
INFO /Users/artdebmac/Desktop/2025-TMVault/00 Art/Personal Projects/TM IntelliMind/core/utils.py changed, reloading.
Performing system checks...

System check identified no issues (0 silenced).
July 06, 2025 - 09:22:41
Django version 4.2.23, using settings 'meetingmind.settings'
Starting development server at http://127.0.0.1:8005/
Quit the server with CONTROL-C.

INFO Watching for file changes with StatReloader
/Users/artdebmac/Library/Python/3.9/lib/python/site-packages/urllib3/__init__.py:35: NotOpenSSLWarning: urllib3 v2 only supports OpenSSL 1.1.1+, currently the 'ssl' module is compiled with 'LibreSSL 2.8.3'. See: https://github.com/urllib3/urllib3/issues/3020
  warnings.warn(
INFO BatchedInferencePipeline available - advanced features enabled
INFO /Users/artdebmac/Desktop/2025-TMVault/00 Art/Personal Projects/TM IntelliMind/core/utils.py changed, reloading.
Performing system checks...

System check identified no issues (0 silenced).
July 06, 2025 - 09:23:08
Django version 4.2.23, using settings 'meetingmind.settings'
Starting development server at http://127.0.0.1:8005/
Quit the server with CONTROL-C.

INFO Watching for file changes with StatReloader
/Users/artdebmac/Library/Python/3.9/lib/python/site-packages/urllib3/__init__.py:35: NotOpenSSLWarning: urllib3 v2 only supports OpenSSL 1.1.1+, currently the 'ssl' module is compiled with 'LibreSSL 2.8.3'. See: https://github.com/urllib3/urllib3/issues/3020
  warnings.warn(
INFO BatchedInferencePipeline available - advanced features enabled
INFO /Users/artdebmac/Desktop/2025-TMVault/00 Art/Personal Projects/TM IntelliMind/core/utils.py changed, reloading.
Performing system checks...

System check identified no issues (0 silenced).
July 06, 2025 - 09:23:47
Django version 4.2.23, using settings 'meetingmind.settings'
Starting development server at http://127.0.0.1:8005/
Quit the server with CONTROL-C.

INFO Watching for file changes with StatReloader
/Users/artdebmac/Library/Python/3.9/lib/python/site-packages/urllib3/__init__.py:35: NotOpenSSLWarning: urllib3 v2 only supports OpenSSL 1.1.1+, currently the 'ssl' module is compiled with 'LibreSSL 2.8.3'. See: https://github.com/urllib3/urllib3/issues/3020
  warnings.warn(
INFO BatchedInferencePipeline available - advanced features enabled
INFO "GET /create-insight/ HTTP/1.1" 200 74392
INFO "POST /upload-audio/ HTTP/1.1" 200 112
INFO Processing audio file: 1.1MB
INFO "POST /start-transcription/ HTTP/1.1" 200 53
INFO Creating enhanced batched inference pipeline for model: medium
INFO Loading Whisper model: medium
INFO Apple Silicon detected: Apple M4
INFO Available memory: 6.3GB
INFO Apple Silicon detected - using optimized CPU + Neural Engine configuration
INFO "GET /transcription-progress/?meeting_id=d8bcc45a-2f8d-4a53-a562-662362409276 HTTP/1.1" 200 71
INFO Whisper model medium loaded and validated successfully on cpu with compute_type int8
INFO M4 optimization: 5.6GB available, batch_size=8
INFO Enhanced batched model created: batch_size=8, chunk_length=25, VAD enabled
INFO Using enhanced batched inference pipeline with VAD
INFO Model load time: 2.05s
INFO Advanced parameters enabled for faster-whisper v1.1+
INFO faster-whisper version: 1.1.1, supported params: 21
INFO Word timestamps enabled
INFO VAD filtering enabled with batch_size=8
INFO Enhanced transcription parameters (14): ['language', 'task', 'beam_size', 'temperature', 'condition_on_previous_text', 'patience', 'suppress_blank', 'word_timestamps', 'compression_ratio_threshold', 'logprob_threshold', 'no_speech_threshold', 'vad_filter', 'batch_size', 'chunk_length']
ERROR Language detection failed: 'str' object has no attribute 'dtype'
ERROR Transcription failed after 2.05s: transcribe() got an unexpected keyword argument 'logprob_threshold'
INFO "GET /transcription-progress/?meeting_id=d8bcc45a-2f8d-4a53-a562-662362409276 HTTP/1.1" 200 134
INFO /Users/artdebmac/Desktop/2025-TMVault/00 Art/Personal Projects/TM IntelliMind/core/utils.py changed, reloading.
Performing system checks...

System check identified no issues (0 silenced).
July 06, 2025 - 09:24:10
Django version 4.2.23, using settings 'meetingmind.settings'
Starting development server at http://127.0.0.1:8005/
Quit the server with CONTROL-C.

INFO Watching for file changes with StatReloader
/Users/artdebmac/Library/Python/3.9/lib/python/site-packages/urllib3/__init__.py:35: NotOpenSSLWarning: urllib3 v2 only supports OpenSSL 1.1.1+, currently the 'ssl' module is compiled with 'LibreSSL 2.8.3'. See: https://github.com/urllib3/urllib3/issues/3020
  warnings.warn(
INFO BatchedInferencePipeline available - advanced features enabled
INFO "GET /create-insight/ HTTP/1.1" 200 74392
INFO "POST /upload-audio/ HTTP/1.1" 200 112
INFO Processing audio file: 1.1MB
INFO "POST /start-transcription/ HTTP/1.1" 200 53
INFO Creating enhanced batched inference pipeline for model: medium
INFO Loading Whisper model: medium
INFO Apple Silicon detected: Apple M4
INFO Available memory: 6.4GB
INFO Apple Silicon detected - using optimized CPU + Neural Engine configuration
INFO Whisper model medium loaded and validated successfully on cpu with compute_type int8
INFO M4 optimization: 5.6GB available, batch_size=8
INFO Enhanced batched model created: batch_size=8, chunk_length=25, VAD enabled
INFO Using enhanced batched inference pipeline with VAD
INFO Model load time: 1.68s
INFO Advanced parameters enabled for faster-whisper v1.1+
INFO faster-whisper version: 1.1.1, supported params: 20
INFO Word timestamps enabled
INFO VAD filtering enabled with batch_size=8
INFO Enhanced transcription parameters (13): ['language', 'task', 'beam_size', 'temperature', 'condition_on_previous_text', 'patience', 'suppress_blank', 'word_timestamps', 'compression_ratio_threshold', 'no_speech_threshold', 'vad_filter', 'batch_size', 'chunk_length']
ERROR Language detection failed: 'str' object has no attribute 'dtype'
INFO "GET /transcription-progress/?meeting_id=46dd51c1-2225-4fd8-8175-33ac796cd5f8 HTTP/1.1" 200 71
/Users/artdebmac/Library/Python/3.9/lib/python/site-packages/faster_whisper/feature_extractor.py:224: RuntimeWarning: divide by zero encountered in matmul
  mel_spec = self.mel_filters @ magnitudes
/Users/artdebmac/Library/Python/3.9/lib/python/site-packages/faster_whisper/feature_extractor.py:224: RuntimeWarning: overflow encountered in matmul
  mel_spec = self.mel_filters @ magnitudes
/Users/artdebmac/Library/Python/3.9/lib/python/site-packages/faster_whisper/feature_extractor.py:224: RuntimeWarning: invalid value encountered in matmul
  mel_spec = self.mel_filters @ magnitudes
INFO "GET /transcription-progress/?meeting_id=46dd51c1-2225-4fd8-8175-33ac796cd5f8 HTTP/1.1" 200 71
INFO "GET /transcription-progress/?meeting_id=46dd51c1-2225-4fd8-8175-33ac796cd5f8 HTTP/1.1" 200 71
INFO "GET /transcription-progress/?meeting_id=46dd51c1-2225-4fd8-8175-33ac796cd5f8 HTTP/1.1" 200 71
INFO "GET /transcription-progress/?meeting_id=46dd51c1-2225-4fd8-8175-33ac796cd5f8 HTTP/1.1" 200 71
INFO "GET /transcription-progress/?meeting_id=46dd51c1-2225-4fd8-8175-33ac796cd5f8 HTTP/1.1" 200 71
INFO "GET /transcription-progress/?meeting_id=46dd51c1-2225-4fd8-8175-33ac796cd5f8 HTTP/1.1" 200 71
INFO "GET /transcription-progress/?meeting_id=46dd51c1-2225-4fd8-8175-33ac796cd5f8 HTTP/1.1" 200 71
INFO "GET /transcription-progress/?meeting_id=46dd51c1-2225-4fd8-8175-33ac796cd5f8 HTTP/1.1" 200 71
INFO "GET /transcription-progress/?meeting_id=46dd51c1-2225-4fd8-8175-33ac796cd5f8 HTTP/1.1" 200 71
INFO "GET /transcription-progress/?meeting_id=46dd51c1-2225-4fd8-8175-33ac796cd5f8 HTTP/1.1" 200 71
INFO "GET /transcription-progress/?meeting_id=46dd51c1-2225-4fd8-8175-33ac796cd5f8 HTTP/1.1" 200 71
INFO "GET /transcription-progress/?meeting_id=46dd51c1-2225-4fd8-8175-33ac796cd5f8 HTTP/1.1" 200 71
INFO "GET /transcription-progress/?meeting_id=46dd51c1-2225-4fd8-8175-33ac796cd5f8 HTTP/1.1" 200 71
INFO Thai text enhancement completed
INFO Performance: 1.4x real-time (27.07s for 37.2s audio)
INFO Transcription complete: 2 segments, 145 words
INFO Detected language: th (confidence: 0.99)
INFO Total processing time: 28.76s
INFO "GET /transcription-progress/?meeting_id=46dd51c1-2225-4fd8-8175-33ac796cd5f8 HTTP/1.1" 200 1171
INFO Memory usage: 76.5% - monitoring closely
INFO Processing audio file: 1.1MB
INFO "POST /start-transcription/ HTTP/1.1" 200 53
INFO Creating enhanced batched inference pipeline for model: large
INFO Loading Whisper model: large
INFO Apple Silicon detected: Apple M4
INFO Available memory: 5.6GB
INFO Apple Silicon detected - using optimized CPU + Neural Engine configuration
INFO "GET /transcription-progress/?meeting_id=46dd51c1-2225-4fd8-8175-33ac796cd5f8 HTTP/1.1" 200 1171
INFO Whisper model large loaded and validated successfully on cpu with compute_type int8
INFO M4 optimization: 5.5GB available, batch_size=8
INFO Enhanced batched model created: batch_size=8, chunk_length=25, VAD enabled
INFO Using enhanced batched inference pipeline with VAD
INFO Model load time: 4.06s
INFO Advanced parameters enabled for faster-whisper v1.1+
INFO faster-whisper version: 1.1.1, supported params: 20
INFO Word timestamps enabled
INFO VAD filtering enabled with batch_size=8
INFO Enhanced transcription parameters (13): ['language', 'task', 'beam_size', 'temperature', 'condition_on_previous_text', 'patience', 'suppress_blank', 'word_timestamps', 'compression_ratio_threshold', 'no_speech_threshold', 'vad_filter', 'batch_size', 'chunk_length']
ERROR Language detection failed: 'str' object has no attribute 'dtype'
INFO "GET /transcription-progress/?meeting_id=46dd51c1-2225-4fd8-8175-33ac796cd5f8 HTTP/1.1" 200 1171
/Users/artdebmac/Library/Python/3.9/lib/python/site-packages/faster_whisper/feature_extractor.py:224: RuntimeWarning: divide by zero encountered in matmul
  mel_spec = self.mel_filters @ magnitudes
/Users/artdebmac/Library/Python/3.9/lib/python/site-packages/faster_whisper/feature_extractor.py:224: RuntimeWarning: overflow encountered in matmul
  mel_spec = self.mel_filters @ magnitudes
/Users/artdebmac/Library/Python/3.9/lib/python/site-packages/faster_whisper/feature_extractor.py:224: RuntimeWarning: invalid value encountered in matmul
  mel_spec = self.mel_filters @ magnitudes
INFO "GET /transcription-progress/?meeting_id=46dd51c1-2225-4fd8-8175-33ac796cd5f8 HTTP/1.1" 200 1171
INFO "GET /transcription-progress/?meeting_id=46dd51c1-2225-4fd8-8175-33ac796cd5f8 HTTP/1.1" 200 1171
INFO "GET /transcription-progress/?meeting_id=46dd51c1-2225-4fd8-8175-33ac796cd5f8 HTTP/1.1" 200 1171
INFO "GET /transcription-progress/?meeting_id=46dd51c1-2225-4fd8-8175-33ac796cd5f8 HTTP/1.1" 200 1171
INFO "GET /transcription-progress/?meeting_id=46dd51c1-2225-4fd8-8175-33ac796cd5f8 HTTP/1.1" 200 1171
INFO "GET /transcription-progress/?meeting_id=46dd51c1-2225-4fd8-8175-33ac796cd5f8 HTTP/1.1" 200 1171
INFO "GET /transcription-progress/?meeting_id=46dd51c1-2225-4fd8-8175-33ac796cd5f8 HTTP/1.1" 200 1171
INFO "GET /transcription-progress/?meeting_id=46dd51c1-2225-4fd8-8175-33ac796cd5f8 HTTP/1.1" 200 1171
INFO "GET /transcription-progress/?meeting_id=46dd51c1-2225-4fd8-8175-33ac796cd5f8 HTTP/1.1" 200 1171
INFO "GET /transcription-progress/?meeting_id=46dd51c1-2225-4fd8-8175-33ac796cd5f8 HTTP/1.1" 200 1171
INFO "GET /transcription-progress/?meeting_id=46dd51c1-2225-4fd8-8175-33ac796cd5f8 HTTP/1.1" 200 1171
INFO "GET /transcription-progress/?meeting_id=46dd51c1-2225-4fd8-8175-33ac796cd5f8 HTTP/1.1" 200 1171
INFO "GET /transcription-progress/?meeting_id=46dd51c1-2225-4fd8-8175-33ac796cd5f8 HTTP/1.1" 200 1171
INFO "GET /transcription-progress/?meeting_id=46dd51c1-2225-4fd8-8175-33ac796cd5f8 HTTP/1.1" 200 1171
INFO "GET /transcription-progress/?meeting_id=46dd51c1-2225-4fd8-8175-33ac796cd5f8 HTTP/1.1" 200 1171
INFO "GET /transcription-progress/?meeting_id=46dd51c1-2225-4fd8-8175-33ac796cd5f8 HTTP/1.1" 200 1171
INFO "GET /transcription-progress/?meeting_id=46dd51c1-2225-4fd8-8175-33ac796cd5f8 HTTP/1.1" 200 1171
INFO "GET /transcription-progress/?meeting_id=46dd51c1-2225-4fd8-8175-33ac796cd5f8 HTTP/1.1" 200 1171
INFO "GET /transcription-progress/?meeting_id=46dd51c1-2225-4fd8-8175-33ac796cd5f8 HTTP/1.1" 200 1171
INFO "GET /transcription-progress/?meeting_id=46dd51c1-2225-4fd8-8175-33ac796cd5f8 HTTP/1.1" 200 1171
INFO Thai text enhancement completed
INFO Performance: 0.9x real-time (41.27s for 37.2s audio)
INFO Transcription complete: 2 segments, 158 words
INFO Detected language: th (confidence: 0.99)
INFO Total processing time: 45.34s
INFO "GET /transcription-progress/?meeting_id=46dd51c1-2225-4fd8-8175-33ac796cd5f8 HTTP/1.1" 200 1278
INFO "POST /generate-insights/ HTTP/1.1" 200 59
INFO "GET /insights-progress/?meeting_id=46dd51c1-2225-4fd8-8175-33ac796cd5f8 HTTP/1.1" 200 86
INFO "GET /insights-progress/?meeting_id=46dd51c1-2225-4fd8-8175-33ac796cd5f8 HTTP/1.1" 200 86
INFO "GET /insights-progress/?meeting_id=46dd51c1-2225-4fd8-8175-33ac796cd5f8 HTTP/1.1" 200 86
INFO "GET /insights-progress/?meeting_id=46dd51c1-2225-4fd8-8175-33ac796cd5f8 HTTP/1.1" 200 86
INFO "GET /insights-progress/?meeting_id=46dd51c1-2225-4fd8-8175-33ac796cd5f8 HTTP/1.1" 200 86
INFO "GET /insights-progress/?meeting_id=46dd51c1-2225-4fd8-8175-33ac796cd5f8 HTTP/1.1" 200 86
INFO "GET /insights-progress/?meeting_id=46dd51c1-2225-4fd8-8175-33ac796cd5f8 HTTP/1.1" 200 86
INFO "GET /insights-progress/?meeting_id=46dd51c1-2225-4fd8-8175-33ac796cd5f8 HTTP/1.1" 200 86
INFO "GET /insights-progress/?meeting_id=46dd51c1-2225-4fd8-8175-33ac796cd5f8 HTTP/1.1" 200 86
INFO "GET /insights-progress/?meeting_id=46dd51c1-2225-4fd8-8175-33ac796cd5f8 HTTP/1.1" 200 86
INFO "GET /insights-progress/?meeting_id=46dd51c1-2225-4fd8-8175-33ac796cd5f8 HTTP/1.1" 200 86
INFO "GET /insights-progress/?meeting_id=46dd51c1-2225-4fd8-8175-33ac796cd5f8 HTTP/1.1" 200 86
INFO "GET /insights-progress/?meeting_id=46dd51c1-2225-4fd8-8175-33ac796cd5f8 HTTP/1.1" 200 86
INFO "GET /insights-progress/?meeting_id=46dd51c1-2225-4fd8-8175-33ac796cd5f8 HTTP/1.1" 200 86
INFO "GET /insights-progress/?meeting_id=46dd51c1-2225-4fd8-8175-33ac796cd5f8 HTTP/1.1" 200 86
INFO "GET /insights-progress/?meeting_id=46dd51c1-2225-4fd8-8175-33ac796cd5f8 HTTP/1.1" 200 86
INFO "GET /insights-progress/?meeting_id=46dd51c1-2225-4fd8-8175-33ac796cd5f8 HTTP/1.1" 200 86
INFO "GET /insights-progress/?meeting_id=46dd51c1-2225-4fd8-8175-33ac796cd5f8 HTTP/1.1" 200 86
INFO "GET /insights-progress/?meeting_id=46dd51c1-2225-4fd8-8175-33ac796cd5f8 HTTP/1.1" 200 86
INFO "GET /insights-progress/?meeting_id=46dd51c1-2225-4fd8-8175-33ac796cd5f8 HTTP/1.1" 200 86
INFO "GET /insights-progress/?meeting_id=46dd51c1-2225-4fd8-8175-33ac796cd5f8 HTTP/1.1" 200 1767
INFO Memory usage: 79.8% - monitoring closely
INFO "POST /start-transcription/ HTTP/1.1" 200 53
INFO Processing audio file: 1.1MB
INFO Creating enhanced batched inference pipeline for model: tiny
INFO Loading Whisper model: tiny
INFO Apple Silicon detected: Apple M4
INFO Available memory: 4.8GB
INFO Apple Silicon detected - using optimized CPU + Neural Engine configuration
INFO Whisper model tiny loaded and validated successfully on cpu with compute_type int8
INFO M4 optimization: 4.7GB available, batch_size=8
INFO Enhanced batched model created: batch_size=8, chunk_length=25, VAD enabled
INFO Using enhanced batched inference pipeline with VAD
INFO Model load time: 0.96s
INFO Advanced parameters enabled for faster-whisper v1.1+
INFO faster-whisper version: 1.1.1, supported params: 20
INFO Word timestamps enabled
INFO VAD filtering enabled with batch_size=8
INFO Enhanced transcription parameters (13): ['language', 'task', 'beam_size', 'temperature', 'condition_on_previous_text', 'patience', 'suppress_blank', 'word_timestamps', 'compression_ratio_threshold', 'no_speech_threshold', 'vad_filter', 'batch_size', 'chunk_length']
ERROR Language detection failed: 'str' object has no attribute 'dtype'
/Users/artdebmac/Library/Python/3.9/lib/python/site-packages/faster_whisper/feature_extractor.py:224: RuntimeWarning: divide by zero encountered in matmul
  mel_spec = self.mel_filters @ magnitudes
/Users/artdebmac/Library/Python/3.9/lib/python/site-packages/faster_whisper/feature_extractor.py:224: RuntimeWarning: overflow encountered in matmul
  mel_spec = self.mel_filters @ magnitudes
/Users/artdebmac/Library/Python/3.9/lib/python/site-packages/faster_whisper/feature_extractor.py:224: RuntimeWarning: invalid value encountered in matmul
  mel_spec = self.mel_filters @ magnitudes
INFO "GET /transcription-progress/?meeting_id=46dd51c1-2225-4fd8-8175-33ac796cd5f8 HTTP/1.1" 200 1278
INFO "GET /transcription-progress/?meeting_id=46dd51c1-2225-4fd8-8175-33ac796cd5f8 HTTP/1.1" 200 1278
INFO Thai text enhancement completed
INFO Performance: 9.7x real-time (3.82s for 37.2s audio)
INFO Transcription complete: 2 segments, 171 words
INFO Detected language: th (confidence: 0.95)
INFO Total processing time: 4.79s
INFO "GET /transcription-progress/?meeting_id=46dd51c1-2225-4fd8-8175-33ac796cd5f8 HTTP/1.1" 200 1383
INFO "GET / HTTP/1.1" 200 23491
INFO "GET / HTTP/1.1" 200 23491
INFO "GET / HTTP/1.1" 200 29063
INFO "GET /static/css/wide-screen.css HTTP/1.1" 200 9980
INFO "GET /create-insight/ HTTP/1.1" 200 74862
INFO "GET /create-insight/ HTTP/1.1" 200 74862
INFO "GET /static/css/wide-screen.css HTTP/1.1" 304 0
INFO "GET /meeting/d8bcc45a-2f8d-4a53-a562-662362409276/ HTTP/1.1" 200 19665
INFO "GET / HTTP/1.1" 200 23590
INFO "GET /static/css/wide-screen.css HTTP/1.1" 304 0
INFO "GET /create-insight/ HTTP/1.1" 200 74455
INFO "POST /upload-audio/ HTTP/1.1" 200 112
INFO Memory usage: 76.7% - monitoring closely
INFO "POST /start-transcription/ HTTP/1.1" 200 53
INFO Processing audio file: 1.1MB
INFO Using enhanced batched inference pipeline with VAD
INFO Model load time: 0.00s
INFO Advanced parameters enabled for faster-whisper v1.1+
INFO faster-whisper version: 1.1.1, supported params: 20
INFO Word timestamps enabled
INFO VAD filtering enabled with batch_size=8
INFO Enhanced transcription parameters (13): ['language', 'task', 'beam_size', 'temperature', 'condition_on_previous_text', 'patience', 'suppress_blank', 'word_timestamps', 'compression_ratio_threshold', 'no_speech_threshold', 'vad_filter', 'batch_size', 'chunk_length']
ERROR Language detection failed: 'str' object has no attribute 'dtype'
INFO "GET /transcription-progress/?meeting_id=656d0049-5ebd-4253-88fc-21184a88ec16 HTTP/1.1" 200 71
INFO "GET /transcription-progress/?meeting_id=656d0049-5ebd-4253-88fc-21184a88ec16 HTTP/1.1" 200 71
INFO Thai text enhancement completed
INFO Performance: 8.7x real-time (4.25s for 37.2s audio)
INFO Transcription complete: 2 segments, 171 words
INFO Detected language: th (confidence: 0.95)
INFO Total processing time: 4.26s
INFO "GET /transcription-progress/?meeting_id=656d0049-5ebd-4253-88fc-21184a88ec16 HTTP/1.1" 200 1383
INFO Memory usage: 76.8% - monitoring closely
INFO Processing audio file: 1.1MB
INFO "POST /start-transcription/ HTTP/1.1" 200 53
INFO Creating enhanced batched inference pipeline for model: base
INFO Loading Whisper model: base
INFO Apple Silicon detected: Apple M4
INFO Available memory: 5.6GB
INFO Apple Silicon detected - using optimized CPU + Neural Engine configuration
INFO Whisper model base loaded and validated successfully on cpu with compute_type int8
INFO M4 optimization: 5.5GB available, batch_size=8
INFO Enhanced batched model created: batch_size=8, chunk_length=25, VAD enabled
INFO Using enhanced batched inference pipeline with VAD
INFO Model load time: 0.70s
INFO Advanced parameters enabled for faster-whisper v1.1+
INFO faster-whisper version: 1.1.1, supported params: 20
INFO Word timestamps enabled
INFO VAD filtering enabled with batch_size=8
INFO Enhanced transcription parameters (13): ['language', 'task', 'beam_size', 'temperature', 'condition_on_previous_text', 'patience', 'suppress_blank', 'word_timestamps', 'compression_ratio_threshold', 'no_speech_threshold', 'vad_filter', 'batch_size', 'chunk_length']
ERROR Language detection failed: 'str' object has no attribute 'dtype'
/Users/artdebmac/Library/Python/3.9/lib/python/site-packages/faster_whisper/feature_extractor.py:224: RuntimeWarning: divide by zero encountered in matmul
  mel_spec = self.mel_filters @ magnitudes
/Users/artdebmac/Library/Python/3.9/lib/python/site-packages/faster_whisper/feature_extractor.py:224: RuntimeWarning: overflow encountered in matmul
  mel_spec = self.mel_filters @ magnitudes
/Users/artdebmac/Library/Python/3.9/lib/python/site-packages/faster_whisper/feature_extractor.py:224: RuntimeWarning: invalid value encountered in matmul
  mel_spec = self.mel_filters @ magnitudes
INFO "GET /transcription-progress/?meeting_id=656d0049-5ebd-4253-88fc-21184a88ec16 HTTP/1.1" 200 1383
INFO "GET /transcription-progress/?meeting_id=656d0049-5ebd-4253-88fc-21184a88ec16 HTTP/1.1" 200 1383
INFO "GET /transcription-progress/?meeting_id=656d0049-5ebd-4253-88fc-21184a88ec16 HTTP/1.1" 200 1383
INFO Thai text enhancement completed
INFO Performance: 6.7x real-time (5.52s for 37.2s audio)
INFO Transcription complete: 2 segments, 160 words
INFO Detected language: th (confidence: 0.91)
INFO Total processing time: 6.23s
INFO "GET /transcription-progress/?meeting_id=656d0049-5ebd-4253-88fc-21184a88ec16 HTTP/1.1" 200 1291
INFO Memory usage: 77.1% - monitoring closely
INFO "POST /start-transcription/ HTTP/1.1" 200 53
INFO Processing audio file: 1.1MB
INFO Creating enhanced batched inference pipeline for model: small
INFO Loading Whisper model: small
INFO Apple Silicon detected: Apple M4
INFO Available memory: 5.5GB
INFO Apple Silicon detected - using optimized CPU + Neural Engine configuration
INFO Whisper model small loaded and validated successfully on cpu with compute_type int8
INFO M4 optimization: 5.4GB available, batch_size=8
INFO Enhanced batched model created: batch_size=8, chunk_length=25, VAD enabled
INFO Using enhanced batched inference pipeline with VAD
INFO Model load time: 0.87s
INFO Advanced parameters enabled for faster-whisper v1.1+
INFO faster-whisper version: 1.1.1, supported params: 20
INFO Word timestamps enabled
INFO VAD filtering enabled with batch_size=8
INFO Enhanced transcription parameters (13): ['language', 'task', 'beam_size', 'temperature', 'condition_on_previous_text', 'patience', 'suppress_blank', 'word_timestamps', 'compression_ratio_threshold', 'no_speech_threshold', 'vad_filter', 'batch_size', 'chunk_length']
ERROR Language detection failed: 'str' object has no attribute 'dtype'
/Users/artdebmac/Library/Python/3.9/lib/python/site-packages/faster_whisper/feature_extractor.py:224: RuntimeWarning: divide by zero encountered in matmul
  mel_spec = self.mel_filters @ magnitudes
/Users/artdebmac/Library/Python/3.9/lib/python/site-packages/faster_whisper/feature_extractor.py:224: RuntimeWarning: overflow encountered in matmul
  mel_spec = self.mel_filters @ magnitudes
/Users/artdebmac/Library/Python/3.9/lib/python/site-packages/faster_whisper/feature_extractor.py:224: RuntimeWarning: invalid value encountered in matmul
  mel_spec = self.mel_filters @ magnitudes
INFO "GET /transcription-progress/?meeting_id=656d0049-5ebd-4253-88fc-21184a88ec16 HTTP/1.1" 200 1291
INFO "GET /transcription-progress/?meeting_id=656d0049-5ebd-4253-88fc-21184a88ec16 HTTP/1.1" 200 1291
INFO "GET /transcription-progress/?meeting_id=656d0049-5ebd-4253-88fc-21184a88ec16 HTTP/1.1" 200 1291
INFO "GET /transcription-progress/?meeting_id=656d0049-5ebd-4253-88fc-21184a88ec16 HTTP/1.1" 200 1291
INFO Thai text enhancement completed
INFO Performance: 4.7x real-time (7.90s for 37.2s audio)
INFO Transcription complete: 2 segments, 153 words
INFO Detected language: th (confidence: 0.96)
INFO Total processing time: 8.77s
INFO "GET /transcription-progress/?meeting_id=656d0049-5ebd-4253-88fc-21184a88ec16 HTTP/1.1" 200 1215
INFO "GET / HTTP/1.1" 200 24454
INFO "GET /static/css/wide-screen.css HTTP/1.1" 304 0
INFO "GET / HTTP/1.1" 200 35235
INFO "GET /static/css/wide-screen.css HTTP/1.1" 200 12851
INFO "GET / HTTP/1.1" 200 35774
INFO "GET /static/css/wide-screen.css HTTP/1.1" 304 0
INFO "GET / HTTP/1.1" 200 24454
INFO "GET /static/css/wide-screen.css HTTP/1.1" 304 0
INFO "GET / HTTP/1.1" 200 23682
INFO "GET /static/css/wide-screen.css HTTP/1.1" 304 0
INFO "GET /meeting/656d0049-5ebd-4253-88fc-21184a88ec16/ HTTP/1.1" 200 20253
INFO "GET / HTTP/1.1" 200 23682
INFO "GET /meeting/46dd51c1-2225-4fd8-8175-33ac796cd5f8/ HTTP/1.1" 200 23230
INFO "GET / HTTP/1.1" 200 23682
INFO "GET /static/css/wide-screen.css HTTP/1.1" 304 0
INFO "GET /meeting/656d0049-5ebd-4253-88fc-21184a88ec16/ HTTP/1.1" 200 20253
INFO "GET / HTTP/1.1" 200 23682
INFO /Users/artdebmac/Desktop/2025-TMVault/00 Art/Personal Projects/TM IntelliMind/core/urls.py changed, reloading.
Performing system checks...

System check identified no issues (0 silenced).
July 06, 2025 - 09:25:22
Django version 4.2.23, using settings 'meetingmind.settings'
Starting development server at http://127.0.0.1:8005/
Quit the server with CONTROL-C.

INFO Watching for file changes with StatReloader
/Users/artdebmac/Library/Python/3.9/lib/python/site-packages/urllib3/__init__.py:35: NotOpenSSLWarning: urllib3 v2 only supports OpenSSL 1.1.1+, currently the 'ssl' module is compiled with 'LibreSSL 2.8.3'. See: https://github.com/urllib3/urllib3/issues/3020
  warnings.warn(
INFO BatchedInferencePipeline available - advanced features enabled
Exception in thread django-main-thread:
Traceback (most recent call last):
  File "/Library/Developer/CommandLineTools/Library/Frameworks/Python3.framework/Versions/3.9/lib/python3.9/threading.py", line 973, in _bootstrap_inner
    self.run()
  File "/Library/Developer/CommandLineTools/Library/Frameworks/Python3.framework/Versions/3.9/lib/python3.9/threading.py", line 910, in run
    self._target(*self._args, **self._kwargs)
  File "/Users/artdebmac/Library/Python/3.9/lib/python/site-packages/django/utils/autoreload.py", line 64, in wrapper
    fn(*args, **kwargs)
  File "/Users/artdebmac/Library/Python/3.9/lib/python/site-packages/django/core/management/commands/runserver.py", line 133, in inner_run
    self.check(display_num_errors=True)
  File "/Users/artdebmac/Library/Python/3.9/lib/python/site-packages/django/core/management/base.py", line 485, in check
    all_issues = checks.run_checks(
  File "/Users/artdebmac/Library/Python/3.9/lib/python/site-packages/django/core/checks/registry.py", line 88, in run_checks
    new_errors = check(app_configs=app_configs, databases=databases)
  File "/Users/artdebmac/Library/Python/3.9/lib/python/site-packages/django/core/checks/urls.py", line 14, in check_url_config
    return check_resolver(resolver)
  File "/Users/artdebmac/Library/Python/3.9/lib/python/site-packages/django/core/checks/urls.py", line 24, in check_resolver
    return check_method()
  File "/Users/artdebmac/Library/Python/3.9/lib/python/site-packages/django/urls/resolvers.py", line 494, in check
    for pattern in self.url_patterns:
  File "/Users/artdebmac/Library/Python/3.9/lib/python/site-packages/django/utils/functional.py", line 57, in __get__
    res = instance.__dict__[self.name] = self.func(instance)
  File "/Users/artdebmac/Library/Python/3.9/lib/python/site-packages/django/urls/resolvers.py", line 715, in url_patterns
    patterns = getattr(self.urlconf_module, "urlpatterns", self.urlconf_module)
  File "/Users/artdebmac/Library/Python/3.9/lib/python/site-packages/django/utils/functional.py", line 57, in __get__
    res = instance.__dict__[self.name] = self.func(instance)
  File "/Users/artdebmac/Library/Python/3.9/lib/python/site-packages/django/urls/resolvers.py", line 708, in urlconf_module
    return import_module(self.urlconf_name)
  File "/Library/Developer/CommandLineTools/Library/Frameworks/Python3.framework/Versions/3.9/lib/python3.9/importlib/__init__.py", line 127, in import_module
    return _bootstrap._gcd_import(name[level:], package, level)
  File "<frozen importlib._bootstrap>", line 1030, in _gcd_import
  File "<frozen importlib._bootstrap>", line 1007, in _find_and_load
  File "<frozen importlib._bootstrap>", line 986, in _find_and_load_unlocked
  File "<frozen importlib._bootstrap>", line 680, in _load_unlocked
  File "<frozen importlib._bootstrap_external>", line 850, in exec_module
  File "<frozen importlib._bootstrap>", line 228, in _call_with_frames_removed
  File "/Users/artdebmac/Desktop/2025-TMVault/00 Art/Personal Projects/TM IntelliMind/meetingmind/urls.py", line 24, in <module>
    path('', include('core.urls')),
  File "/Users/artdebmac/Library/Python/3.9/lib/python/site-packages/django/urls/conf.py", line 38, in include
    urlconf_module = import_module(urlconf_module)
  File "/Library/Developer/CommandLineTools/Library/Frameworks/Python3.framework/Versions/3.9/lib/python3.9/importlib/__init__.py", line 127, in import_module
    return _bootstrap._gcd_import(name[level:], package, level)
  File "<frozen importlib._bootstrap>", line 1030, in _gcd_import
  File "<frozen importlib._bootstrap>", line 1007, in _find_and_load
  File "<frozen importlib._bootstrap>", line 986, in _find_and_load_unlocked
  File "<frozen importlib._bootstrap>", line 680, in _load_unlocked
  File "<frozen importlib._bootstrap_external>", line 850, in exec_module
  File "<frozen importlib._bootstrap>", line 228, in _call_with_frames_removed
  File "/Users/artdebmac/Desktop/2025-TMVault/00 Art/Personal Projects/TM IntelliMind/core/urls.py", line 10, in <module>
    path('meeting/<uuid:meeting_id>/delete/', views.delete_meeting, name='delete_meeting'),
AttributeError: module 'core.views' has no attribute 'delete_meeting'
INFO /Users/artdebmac/Desktop/2025-TMVault/00 Art/Personal Projects/TM IntelliMind/core/views.py changed, reloading.
Performing system checks...

INFO Watching for file changes with StatReloader
/Users/artdebmac/Library/Python/3.9/lib/python/site-packages/urllib3/__init__.py:35: NotOpenSSLWarning: urllib3 v2 only supports OpenSSL 1.1.1+, currently the 'ssl' module is compiled with 'LibreSSL 2.8.3'. See: https://github.com/urllib3/urllib3/issues/3020
  warnings.warn(
INFO BatchedInferencePipeline available - advanced features enabled
INFO "GET / HTTP/1.1" 200 29312
INFO "GET /static/css/wide-screen.css HTTP/1.1" 304 0
WARNING Forbidden (CSRF token from the 'X-Csrftoken' HTTP header has incorrect length.): /meeting/656d0049-5ebd-4253-88fc-21184a88ec16/delete/
WARNING "DELETE /meeting/656d0049-5ebd-4253-88fc-21184a88ec16/delete/ HTTP/1.1" 403 2564
WARNING Forbidden (CSRF token from the 'X-Csrftoken' HTTP header has incorrect length.): /meeting/656d0049-5ebd-4253-88fc-21184a88ec16/delete/
WARNING "DELETE /meeting/656d0049-5ebd-4253-88fc-21184a88ec16/delete/ HTTP/1.1" 403 2564
INFO "GET /meeting/656d0049-5ebd-4253-88fc-21184a88ec16/ HTTP/1.1" 200 20253
INFO "GET /static/css/wide-screen.css HTTP/1.1" 304 0
INFO "GET / HTTP/1.1" 200 29312
WARNING Forbidden (CSRF token from the 'X-Csrftoken' HTTP header has incorrect length.): /meeting/656d0049-5ebd-4253-88fc-21184a88ec16/delete/
WARNING "DELETE /meeting/656d0049-5ebd-4253-88fc-21184a88ec16/delete/ HTTP/1.1" 403 2564
INFO "GET / HTTP/1.1" 200 29312
INFO "GET /static/css/wide-screen.css HTTP/1.1" 304 0
INFO "GET /static/images/logos/tokio-marine-globe-logo.jpg HTTP/1.1" 304 0
INFO "GET /create-insight/ HTTP/1.1" 200 74455
INFO "GET / HTTP/1.1" 200 29312
INFO "GET /meeting/656d0049-5ebd-4253-88fc-21184a88ec16/ HTTP/1.1" 200 20253
INFO "GET / HTTP/1.1" 200 29312
WARNING Forbidden (CSRF token from the 'X-Csrftoken' HTTP header has incorrect length.): /meeting/656d0049-5ebd-4253-88fc-21184a88ec16/delete/
WARNING "DELETE /meeting/656d0049-5ebd-4253-88fc-21184a88ec16/delete/ HTTP/1.1" 403 2564
INFO "GET /create-insight/ HTTP/1.1" 200 74455
INFO "GET /static/images/logos/tokio-marine-globe-logo.jpg HTTP/1.1" 304 0
INFO "GET /static/css/wide-screen.css HTTP/1.1" 304 0
INFO "GET / HTTP/1.1" 200 29312
WARNING Forbidden (CSRF token from the 'X-Csrftoken' HTTP header has incorrect length.): /meeting/656d0049-5ebd-4253-88fc-21184a88ec16/delete/
WARNING "DELETE /meeting/656d0049-5ebd-4253-88fc-21184a88ec16/delete/ HTTP/1.1" 403 2564
INFO "GET / HTTP/1.1" 200 29707
INFO "DELETE /meeting/656d0049-5ebd-4253-88fc-21184a88ec16/delete/ HTTP/1.1" 200 89
INFO "DELETE /meeting/46dd51c1-2225-4fd8-8175-33ac796cd5f8/delete/ HTTP/1.1" 200 99
INFO "DELETE /meeting/d8bcc45a-2f8d-4a53-a562-662362409276/delete/ HTTP/1.1" 200 89
INFO "GET / HTTP/1.1" 200 25736
INFO "GET / HTTP/1.1" 200 25736
INFO "GET /meeting/c199c75f-9156-4a39-8ef6-e2eb2743cb69/ HTTP/1.1" 200 19929
INFO "GET / HTTP/1.1" 200 26890
INFO "GET / HTTP/1.1" 200 26890
INFO "GET / HTTP/1.1" 200 26890
INFO "GET /meeting/c199c75f-9156-4a39-8ef6-e2eb2743cb69/ HTTP/1.1" 200 19929
INFO "GET / HTTP/1.1" 200 26890
INFO "GET /create-insight/ HTTP/1.1" 200 74850
INFO /Users/artdebmac/Desktop/2025-TMVault/00 Art/Personal Projects/TM IntelliMind/core/models.py changed, reloading.
Performing system checks...

System check identified no issues (0 silenced).
July 06, 2025 - 10:12:18
Django version 4.2.23, using settings 'meetingmind.settings'
Starting development server at http://127.0.0.1:8005/
Quit the server with CONTROL-C.

INFO Watching for file changes with StatReloader
/Users/artdebmac/Library/Python/3.9/lib/python/site-packages/urllib3/__init__.py:35: NotOpenSSLWarning: urllib3 v2 only supports OpenSSL 1.1.1+, currently the 'ssl' module is compiled with 'LibreSSL 2.8.3'. See: https://github.com/urllib3/urllib3/issues/3020
  warnings.warn(
INFO BatchedInferencePipeline available - advanced features enabled
INFO /Users/artdebmac/Desktop/2025-TMVault/00 Art/Personal Projects/TM IntelliMind/core/views.py changed, reloading.
Performing system checks...

System check identified no issues (0 silenced).
July 06, 2025 - 16:34:34
Django version 4.2.23, using settings 'meetingmind.settings'
Starting development server at http://127.0.0.1:8005/
Quit the server with CONTROL-C.

INFO Watching for file changes with StatReloader
/Users/artdebmac/Library/Python/3.9/lib/python/site-packages/urllib3/__init__.py:35: NotOpenSSLWarning: urllib3 v2 only supports OpenSSL 1.1.1+, currently the 'ssl' module is compiled with 'LibreSSL 2.8.3'. See: https://github.com/urllib3/urllib3/issues/3020
  warnings.warn(
INFO BatchedInferencePipeline available - advanced features enabled
INFO /Users/artdebmac/Desktop/2025-TMVault/00 Art/Personal Projects/TM IntelliMind/core/views.py changed, reloading.
Performing system checks...

System check identified no issues (0 silenced).

You have 1 unapplied migration(s). Your project may not work properly until you apply the migrations for app(s): core.
Run 'python manage.py migrate' to apply them.
July 06, 2025 - 16:36:02
Django version 4.2.23, using settings 'meetingmind.settings'
Starting development server at http://127.0.0.1:8005/
Quit the server with CONTROL-C.

INFO Watching for file changes with StatReloader
/Users/artdebmac/Library/Python/3.9/lib/python/site-packages/urllib3/__init__.py:35: NotOpenSSLWarning: urllib3 v2 only supports OpenSSL 1.1.1+, currently the 'ssl' module is compiled with 'LibreSSL 2.8.3'. See: https://github.com/urllib3/urllib3/issues/3020
  warnings.warn(
INFO BatchedInferencePipeline available - advanced features enabled
Exception in thread django-main-thread:
Traceback (most recent call last):
  File "/Library/Developer/CommandLineTools/Library/Frameworks/Python3.framework/Versions/3.9/lib/python3.9/threading.py", line 973, in _bootstrap_inner
    self.run()
  File "/Library/Developer/CommandLineTools/Library/Frameworks/Python3.framework/Versions/3.9/lib/python3.9/threading.py", line 910, in run
    self._target(*self._args, **self._kwargs)
  File "/Users/artdebmac/Library/Python/3.9/lib/python/site-packages/django/utils/autoreload.py", line 64, in wrapper
    fn(*args, **kwargs)
  File "/Users/artdebmac/Library/Python/3.9/lib/python/site-packages/django/core/management/commands/runserver.py", line 133, in inner_run
    self.check(display_num_errors=True)
  File "/Users/artdebmac/Library/Python/3.9/lib/python/site-packages/django/core/management/base.py", line 485, in check
    all_issues = checks.run_checks(
  File "/Users/artdebmac/Library/Python/3.9/lib/python/site-packages/django/core/checks/registry.py", line 88, in run_checks
    new_errors = check(app_configs=app_configs, databases=databases)
  File "/Users/artdebmac/Library/Python/3.9/lib/python/site-packages/django/core/checks/urls.py", line 14, in check_url_config
    return check_resolver(resolver)
  File "/Users/artdebmac/Library/Python/3.9/lib/python/site-packages/django/core/checks/urls.py", line 24, in check_resolver
    return check_method()
  File "/Users/artdebmac/Library/Python/3.9/lib/python/site-packages/django/urls/resolvers.py", line 494, in check
    for pattern in self.url_patterns:
  File "/Users/artdebmac/Library/Python/3.9/lib/python/site-packages/django/utils/functional.py", line 57, in __get__
    res = instance.__dict__[self.name] = self.func(instance)
  File "/Users/artdebmac/Library/Python/3.9/lib/python/site-packages/django/urls/resolvers.py", line 715, in url_patterns
    patterns = getattr(self.urlconf_module, "urlpatterns", self.urlconf_module)
  File "/Users/artdebmac/Library/Python/3.9/lib/python/site-packages/django/utils/functional.py", line 57, in __get__
    res = instance.__dict__[self.name] = self.func(instance)
  File "/Users/artdebmac/Library/Python/3.9/lib/python/site-packages/django/urls/resolvers.py", line 708, in urlconf_module
    return import_module(self.urlconf_name)
  File "/Library/Developer/CommandLineTools/Library/Frameworks/Python3.framework/Versions/3.9/lib/python3.9/importlib/__init__.py", line 127, in import_module
    return _bootstrap._gcd_import(name[level:], package, level)
  File "<frozen importlib._bootstrap>", line 1030, in _gcd_import
  File "<frozen importlib._bootstrap>", line 1007, in _find_and_load
  File "<frozen importlib._bootstrap>", line 986, in _find_and_load_unlocked
  File "<frozen importlib._bootstrap>", line 680, in _load_unlocked
  File "<frozen importlib._bootstrap_external>", line 850, in exec_module
  File "<frozen importlib._bootstrap>", line 228, in _call_with_frames_removed
  File "/Users/artdebmac/Desktop/2025-TMVault/00 Art/Personal Projects/TM IntelliMind/meetingmind/urls.py", line 24, in <module>
    path('', include('core.urls')),
  File "/Users/artdebmac/Library/Python/3.9/lib/python/site-packages/django/urls/conf.py", line 38, in include
    urlconf_module = import_module(urlconf_module)
  File "/Library/Developer/CommandLineTools/Library/Frameworks/Python3.framework/Versions/3.9/lib/python3.9/importlib/__init__.py", line 127, in import_module
    return _bootstrap._gcd_import(name[level:], package, level)
  File "<frozen importlib._bootstrap>", line 1030, in _gcd_import
  File "<frozen importlib._bootstrap>", line 1007, in _find_and_load
  File "<frozen importlib._bootstrap>", line 986, in _find_and_load_unlocked
  File "<frozen importlib._bootstrap>", line 680, in _load_unlocked
  File "<frozen importlib._bootstrap_external>", line 850, in exec_module
  File "<frozen importlib._bootstrap>", line 228, in _call_with_frames_removed
  File "/Users/artdebmac/Desktop/2025-TMVault/00 Art/Personal Projects/TM IntelliMind/core/urls.py", line 2, in <module>
    from . import views
  File "/Users/artdebmac/Desktop/2025-TMVault/00 Art/Personal Projects/TM IntelliMind/core/views.py", line 15, in <module>
    from .audio_chunking import chunk_meeting_audio
  File "/Users/artdebmac/Desktop/2025-TMVault/00 Art/Personal Projects/TM IntelliMind/core/audio_chunking.py", line 17, in <module>
    from pydub import AudioSegment
ModuleNotFoundError: No module named 'pydub'
INFO /Users/artdebmac/Desktop/2025-TMVault/00 Art/Personal Projects/TM IntelliMind/core/admin.py changed, reloading.
Performing system checks...

INFO Watching for file changes with StatReloader
/Users/artdebmac/Library/Python/3.9/lib/python/site-packages/urllib3/__init__.py:35: NotOpenSSLWarning: urllib3 v2 only supports OpenSSL 1.1.1+, currently the 'ssl' module is compiled with 'LibreSSL 2.8.3'. See: https://github.com/urllib3/urllib3/issues/3020
  warnings.warn(
INFO BatchedInferencePipeline available - advanced features enabled
INFO /Users/artdebmac/Desktop/2025-TMVault/00 Art/Personal Projects/TM IntelliMind/core/admin.py changed, reloading.
Performing system checks...

System check identified no issues (0 silenced).

You have 1 unapplied migration(s). Your project may not work properly until you apply the migrations for app(s): core.
Run 'python manage.py migrate' to apply them.
July 06, 2025 - 16:38:36
Django version 4.2.23, using settings 'meetingmind.settings'
Starting development server at http://127.0.0.1:8005/
Quit the server with CONTROL-C.

INFO Watching for file changes with StatReloader
/Users/artdebmac/Library/Python/3.9/lib/python/site-packages/urllib3/__init__.py:35: NotOpenSSLWarning: urllib3 v2 only supports OpenSSL 1.1.1+, currently the 'ssl' module is compiled with 'LibreSSL 2.8.3'. See: https://github.com/urllib3/urllib3/issues/3020
  warnings.warn(
INFO BatchedInferencePipeline available - advanced features enabled
INFO /Users/artdebmac/Desktop/2025-TMVault/00 Art/Personal Projects/TM IntelliMind/core/views.py changed, reloading.
Performing system checks...

System check identified no issues (0 silenced).

You have 1 unapplied migration(s). Your project may not work properly until you apply the migrations for app(s): core.
Run 'python manage.py migrate' to apply them.
July 06, 2025 - 16:39:14
Django version 4.2.23, using settings 'meetingmind.settings'
Starting development server at http://127.0.0.1:8005/
Quit the server with CONTROL-C.

INFO Watching for file changes with StatReloader
/Users/artdebmac/Library/Python/3.9/lib/python/site-packages/urllib3/__init__.py:35: NotOpenSSLWarning: urllib3 v2 only supports OpenSSL 1.1.1+, currently the 'ssl' module is compiled with 'LibreSSL 2.8.3'. See: https://github.com/urllib3/urllib3/issues/3020
  warnings.warn(
INFO BatchedInferencePipeline available - advanced features enabled
INFO /Users/artdebmac/Desktop/2025-TMVault/00 Art/Personal Projects/TM IntelliMind/core/views.py changed, reloading.
Performing system checks...

System check identified no issues (0 silenced).

You have 1 unapplied migration(s). Your project may not work properly until you apply the migrations for app(s): core.
Run 'python manage.py migrate' to apply them.
July 06, 2025 - 16:39:23
Django version 4.2.23, using settings 'meetingmind.settings'
Starting development server at http://127.0.0.1:8005/
Quit the server with CONTROL-C.

INFO Watching for file changes with StatReloader
/Users/artdebmac/Library/Python/3.9/lib/python/site-packages/urllib3/__init__.py:35: NotOpenSSLWarning: urllib3 v2 only supports OpenSSL 1.1.1+, currently the 'ssl' module is compiled with 'LibreSSL 2.8.3'. See: https://github.com/urllib3/urllib3/issues/3020
  warnings.warn(
INFO BatchedInferencePipeline available - advanced features enabled
INFO "GET /create-insight/ HTTP/1.1" 200 74850
INFO "GET /create-insight/ HTTP/1.1" 200 74850
INFO "GET / HTTP/1.1" 200 26890
INFO "GET /create-insight/ HTTP/1.1" 200 74850
