INFO 2025-07-06 08:06:58,256 autoreload 97007 8433114880 Watching for file changes with StatReloader
INFO 2025-07-06 08:06:59,111 utils 97007 8433114880 BatchedInferencePipeline available - advanced features enabled
INFO 2025-07-06 08:08:12,879 autoreload 97007 8433114880 /Users/artdebmac/Desktop/2025-TMVault/00 Art/Personal Projects/TM IntelliMind/core/utils.py changed, reloading.
INFO 2025-07-06 08:08:13,231 autoreload 97163 8433114880 Watching for file changes with StatReloader
INFO 2025-07-06 08:08:24,377 autoreload 97163 8433114880 /Users/artdebmac/Desktop/2025-TMVault/00 Art/Personal Projects/TM IntelliMind/core/utils.py changed, reloading.
INFO 2025-07-06 08:08:24,542 autoreload 97182 8433114880 Watching for file changes with StatReloader
INFO 2025-07-06 08:08:49,869 autoreload 97182 8433114880 /Users/artdebmac/Desktop/2025-TMVault/00 Art/Personal Projects/TM IntelliMind/core/utils.py changed, reloading.
INFO 2025-07-06 08:08:50,028 autoreload 97233 8433114880 Watching for file changes with StatReloader
INFO 2025-07-06 08:09:13,320 autoreload 97233 8433114880 /Users/artdebmac/Desktop/2025-TMVault/00 Art/Personal Projects/TM IntelliMind/core/admin.py changed, reloading.
INFO 2025-07-06 08:09:13,469 autoreload 97281 8433114880 Watching for file changes with StatReloader
INFO 2025-07-06 08:16:39,714 autoreload 97281 8433114880 /Users/artdebmac/Desktop/2025-TMVault/00 Art/Personal Projects/TM IntelliMind/core/utils.py changed, reloading.
INFO 2025-07-06 08:16:39,875 autoreload 98051 8433114880 Watching for file changes with StatReloader
INFO 2025-07-06 08:17:02,146 autoreload 98051 8433114880 /Users/artdebmac/Desktop/2025-TMVault/00 Art/Personal Projects/TM IntelliMind/core/utils.py changed, reloading.
INFO 2025-07-06 08:17:02,311 autoreload 98107 8433114880 Watching for file changes with StatReloader
INFO 2025-07-06 08:17:20,534 autoreload 98107 8433114880 /Users/artdebmac/Desktop/2025-TMVault/00 Art/Personal Projects/TM IntelliMind/core/utils.py changed, reloading.
INFO 2025-07-06 08:17:20,673 autoreload 98168 8433114880 Watching for file changes with StatReloader
INFO 2025-07-06 08:17:21,425 utils 98168 6143520768 BatchedInferencePipeline available - advanced features enabled
INFO 2025-07-06 08:17:31,746 autoreload 98168 8433114880 /Users/artdebmac/Desktop/2025-TMVault/00 Art/Personal Projects/TM IntelliMind/core/utils.py changed, reloading.
INFO 2025-07-06 08:17:31,971 autoreload 98187 8433114880 Watching for file changes with StatReloader
INFO 2025-07-06 08:17:32,737 utils 98187 6109786112 BatchedInferencePipeline available - advanced features enabled
INFO 2025-07-06 08:17:37,890 utils 98205 8433114880 BatchedInferencePipeline available - advanced features enabled
INFO 2025-07-06 08:18:13,629 autoreload 98187 8433114880 /Users/artdebmac/Desktop/2025-TMVault/00 Art/Personal Projects/TM IntelliMind/core/admin.py changed, reloading.
INFO 2025-07-06 08:18:13,924 autoreload 98288 8433114880 Watching for file changes with StatReloader
INFO 2025-07-06 08:18:14,704 utils 98288 6174027776 BatchedInferencePipeline available - advanced features enabled
INFO 2025-07-06 08:18:18,944 utils 98305 8433114880 BatchedInferencePipeline available - advanced features enabled
INFO 2025-07-06 08:23:53,524 utils 98782 8433114880 BatchedInferencePipeline available - advanced features enabled
INFO 2025-07-06 08:24:38,925 basehttp 98288 6192574464 "GET / HTTP/1.1" 301 0
INFO 2025-07-06 08:24:38,931 basehttp 98288 6192574464 code 400, message Bad request version ('{~?eÌòÄS\x19£ö¹·<7BÌ')
ERROR 2025-07-06 08:24:38,931 basehttp 98288 6192574464 You're accessing the development server over HTTPS, but it only supports HTTP.
INFO 2025-07-06 08:24:38,932 basehttp 98288 6192574464 code 400, message Bad request version ('r3ù\x08]î¶\x86:\x18U\x91ÚÚ\x9b4óøh]Ë«¾\x98áy9Â\x00')
ERROR 2025-07-06 08:24:38,933 basehttp 98288 6192574464 You're accessing the development server over HTTPS, but it only supports HTTP.
INFO 2025-07-06 08:24:48,220 autoreload 98899 8433114880 Watching for file changes with StatReloader
INFO 2025-07-06 08:24:48,957 utils 98899 6154416128 BatchedInferencePipeline available - advanced features enabled
INFO 2025-07-06 08:24:53,663 basehttp 98899 6172389376 code 400, message Bad request version ('\xadNm§¡t\x04%*q\x19Ï6\x8e\x94n=äS\x00')
ERROR 2025-07-06 08:24:53,663 basehttp 98899 6172389376 You're accessing the development server over HTTPS, but it only supports HTTP.
INFO 2025-07-06 08:24:53,664 basehttp 98899 6341865472 code 400, message Bad request version ('\x00\x12\x00\x10\x04\x03\x08\x04\x04\x01\x05\x03\x08\x05\x05\x01\x08\x06\x06\x01\x00')
ERROR 2025-07-06 08:24:53,664 basehttp 98899 6341865472 You're accessing the development server over HTTPS, but it only supports HTTP.
INFO 2025-07-06 08:24:53,665 basehttp 98899 6172389376 code 400, message Bad request version ('\x9a\x9a\x13\x01\x13\x02\x13\x03À+À/À,À0Ì©Ì¨À\x13À\x14\x00\x9c\x00\x9d\x00/\x005\x01\x00\x06eêê\x00\x00\x00#\x00\x00DÍ\x00\x05\x00\x03\x02h2ÿ\x01\x00\x01\x00\x00')
INFO 2025-07-06 08:24:53,665 basehttp 98899 6341865472 code 400, message Bad request version ('H(C\x7f\x01Å½')
ERROR 2025-07-06 08:24:53,665 basehttp 98899 6172389376 You're accessing the development server over HTTPS, but it only supports HTTP.
ERROR 2025-07-06 08:24:53,665 basehttp 98899 6341865472 You're accessing the development server over HTTPS, but it only supports HTTP.
INFO 2025-07-06 08:32:17,831 autoreload 99701 8433114880 Watching for file changes with StatReloader
INFO 2025-07-06 08:32:18,580 utils 99701 6141128704 BatchedInferencePipeline available - advanced features enabled
INFO 2025-07-06 08:49:25,570 utils 1516 8433114880 BatchedInferencePipeline available - advanced features enabled
INFO 2025-07-06 08:49:32,943 autoreload 1541 8433114880 Watching for file changes with StatReloader
INFO 2025-07-06 08:49:33,715 utils 1541 6108393472 BatchedInferencePipeline available - advanced features enabled
INFO 2025-07-06 08:59:54,388 autoreload 2477 8433114880 Watching for file changes with StatReloader
INFO 2025-07-06 08:59:55,399 utils 2477 6109229056 BatchedInferencePipeline available - advanced features enabled
INFO 2025-07-06 08:59:57,069 basehttp 2477 6127202304 "HEAD / HTTP/1.1" 301 0
INFO 2025-07-06 09:12:43,777 autoreload 3584 8433114880 Watching for file changes with StatReloader
INFO 2025-07-06 09:12:44,674 utils 3584 6154137600 BatchedInferencePipeline available - advanced features enabled
INFO 2025-07-06 09:12:46,513 basehttp 3584 6170963968 "HEAD / HTTP/1.1" 200 0
INFO 2025-07-06 09:18:25,334 basehttp 3584 6170963968 "GET /admin/ HTTP/1.1" 302 0
INFO 2025-07-06 09:18:25,352 basehttp 3584 6170963968 "GET /admin/login/?next=/admin/ HTTP/1.1" 200 4185
INFO 2025-07-06 09:18:25,372 basehttp 3584 13304360960 "GET /static/admin/css/dark_mode.css HTTP/1.1" 200 2929
INFO 2025-07-06 09:18:25,373 basehttp 3584 13338013696 "GET /static/admin/css/login.css HTTP/1.1" 200 958
INFO 2025-07-06 09:18:25,373 basehttp 3584 13321187328 "GET /static/admin/css/nav_sidebar.css HTTP/1.1" 200 2694
INFO 2025-07-06 09:18:25,374 basehttp 3584 6170963968 "GET /static/admin/css/base.css HTTP/1.1" 200 21310
INFO 2025-07-06 09:18:25,374 basehttp 3584 13354840064 "GET /static/admin/css/responsive.css HTTP/1.1" 200 18559
INFO 2025-07-06 09:18:25,376 basehttp 3584 13304360960 "GET /static/admin/js/theme.js HTTP/1.1" 200 1943
INFO 2025-07-06 09:18:25,377 basehttp 3584 13338013696 "GET /static/admin/js/nav_sidebar.js HTTP/1.1" 200 3063
WARNING 2025-07-06 09:18:25,413 log 3584 13338013696 Not Found: /favicon.ico
WARNING 2025-07-06 09:18:25,413 basehttp 3584 13338013696 "GET /favicon.ico HTTP/1.1" 404 3930
INFO 2025-07-06 09:19:32,065 basehttp 3584 6170963968 "GET / HTTP/1.1" 200 20099
INFO 2025-07-06 09:19:32,082 basehttp 3584 6170963968 "GET /static/images/logos/tokio-marine-globe-logo.jpg HTTP/1.1" 200 43947
INFO 2025-07-06 09:19:41,900 basehttp 3584 6170963968 "GET /create-insight/ HTTP/1.1" 200 74392
INFO 2025-07-06 09:19:45,190 basehttp 3584 6170963968 "POST /upload-audio/ HTTP/1.1" 200 81
INFO 2025-07-06 09:20:42,085 utils 4267 8433114880 BatchedInferencePipeline available - advanced features enabled
INFO 2025-07-06 09:20:51,349 utils 4302 8433114880 BatchedInferencePipeline available - advanced features enabled
INFO 2025-07-06 09:21:14,597 autoreload 4364 8433114880 Watching for file changes with StatReloader
INFO 2025-07-06 09:21:15,348 utils 4364 6142308352 BatchedInferencePipeline available - advanced features enabled
INFO 2025-07-06 09:21:17,407 basehttp 4364 6159134720 "GET / HTTP/1.1" 200 19950
INFO 2025-07-06 09:21:31,915 basehttp 4364 6159134720 "GET /create-insight/ HTTP/1.1" 200 74392
INFO 2025-07-06 09:21:35,642 basehttp 4364 6159134720 "POST /upload-audio/ HTTP/1.1" 200 112
INFO 2025-07-06 09:21:37,834 utils 4364 6192787456 Processing audio file: 1.1MB
INFO 2025-07-06 09:21:37,835 basehttp 4364 6159134720 "POST /start-transcription/ HTTP/1.1" 200 53
INFO 2025-07-06 09:21:37,838 utils 4364 6192787456 Creating enhanced batched inference pipeline for model: medium
INFO 2025-07-06 09:21:37,838 utils 4364 6192787456 Loading Whisper model: medium
INFO 2025-07-06 09:21:37,858 utils 4364 6192787456 Apple Silicon detected: Apple M4
INFO 2025-07-06 09:21:37,858 utils 4364 6192787456 Available memory: 6.4GB
INFO 2025-07-06 09:21:37,858 utils 4364 6192787456 Apple Silicon detected - using optimized CPU + Neural Engine configuration
INFO 2025-07-06 09:21:39,842 basehttp 4364 6159134720 "GET /transcription-progress/?meeting_id=c199c75f-9156-4a39-8ef6-e2eb2743cb69 HTTP/1.1" 200 71
INFO 2025-07-06 09:21:40,231 utils 4364 6192787456 Whisper model medium loaded and validated successfully on cpu with compute_type int8
INFO 2025-07-06 09:21:40,231 utils 4364 6192787456 M4 optimization: 5.8GB available, batch_size=8
INFO 2025-07-06 09:21:40,231 utils 4364 6192787456 Enhanced batched model created: batch_size=8, chunk_length=25, VAD enabled
INFO 2025-07-06 09:21:40,231 utils 4364 6192787456 Using enhanced batched inference pipeline with VAD
INFO 2025-07-06 09:21:40,231 utils 4364 6192787456 Model load time: 2.39s
INFO 2025-07-06 09:21:40,231 utils 4364 6192787456 Advanced parameters enabled for faster-whisper v1.1+
INFO 2025-07-06 09:21:40,231 utils 4364 6192787456 faster-whisper version: 1.1.1, supported params: 21
INFO 2025-07-06 09:21:40,231 utils 4364 6192787456 Word timestamps enabled
INFO 2025-07-06 09:21:40,231 utils 4364 6192787456 VAD filtering enabled with batch_size=8
INFO 2025-07-06 09:21:40,231 utils 4364 6192787456 Enhanced transcription parameters (15): ['language', 'task', 'beam_size', 'temperature', 'condition_on_previous_text', 'patience', 'suppress_blank', 'word_timestamps', 'compression_ratio_threshold', 'logprob_threshold', 'no_speech_threshold', 'log_prob_threshold', 'vad_filter', 'batch_size', 'chunk_length']
ERROR 2025-07-06 09:21:40,232 utils 4364 6192787456 Language detection failed: 'str' object has no attribute 'dtype'
ERROR 2025-07-06 09:21:40,232 utils 4364 6192787456 Transcription failed after 2.40s: transcribe() got an unexpected keyword argument 'logprob_threshold'
INFO 2025-07-06 09:21:41,854 basehttp 4364 6159134720 "GET /transcription-progress/?meeting_id=c199c75f-9156-4a39-8ef6-e2eb2743cb69 HTTP/1.1" 200 134
INFO 2025-07-06 09:22:40,516 autoreload 4364 8433114880 /Users/artdebmac/Desktop/2025-TMVault/00 Art/Personal Projects/TM IntelliMind/core/utils.py changed, reloading.
INFO 2025-07-06 09:22:40,952 autoreload 4558 8433114880 Watching for file changes with StatReloader
INFO 2025-07-06 09:22:41,845 utils 4558 6151958528 BatchedInferencePipeline available - advanced features enabled
INFO 2025-07-06 09:23:07,443 autoreload 4558 8433114880 /Users/artdebmac/Desktop/2025-TMVault/00 Art/Personal Projects/TM IntelliMind/core/utils.py changed, reloading.
INFO 2025-07-06 09:23:07,669 autoreload 4621 8433114880 Watching for file changes with StatReloader
INFO 2025-07-06 09:23:08,435 utils 4621 6142357504 BatchedInferencePipeline available - advanced features enabled
INFO 2025-07-06 09:23:46,353 autoreload 4621 8433114880 /Users/artdebmac/Desktop/2025-TMVault/00 Art/Personal Projects/TM IntelliMind/core/utils.py changed, reloading.
INFO 2025-07-06 09:23:46,622 autoreload 4698 8433114880 Watching for file changes with StatReloader
INFO 2025-07-06 09:23:47,374 utils 4698 6187118592 BatchedInferencePipeline available - advanced features enabled
INFO 2025-07-06 09:24:09,949 autoreload 4698 8433114880 /Users/artdebmac/Desktop/2025-TMVault/00 Art/Personal Projects/TM IntelliMind/core/utils.py changed, reloading.
INFO 2025-07-06 09:24:10,213 autoreload 4746 8433114880 Watching for file changes with StatReloader
INFO 2025-07-06 09:24:10,968 utils 4746 6107820032 BatchedInferencePipeline available - advanced features enabled
INFO 2025-07-06 09:24:21,953 basehttp 4746 6124646400 "GET /create-insight/ HTTP/1.1" 200 74392
INFO 2025-07-06 09:24:25,028 basehttp 4746 6124646400 "POST /upload-audio/ HTTP/1.1" 200 112
INFO 2025-07-06 09:24:27,252 utils 4746 6158299136 Processing audio file: 1.1MB
INFO 2025-07-06 09:24:27,253 basehttp 4746 6124646400 "POST /start-transcription/ HTTP/1.1" 200 53
INFO 2025-07-06 09:24:27,256 utils 4746 6158299136 Creating enhanced batched inference pipeline for model: medium
INFO 2025-07-06 09:24:27,256 utils 4746 6158299136 Loading Whisper model: medium
INFO 2025-07-06 09:24:27,277 utils 4746 6158299136 Apple Silicon detected: Apple M4
INFO 2025-07-06 09:24:27,277 utils 4746 6158299136 Available memory: 6.3GB
INFO 2025-07-06 09:24:27,277 utils 4746 6158299136 Apple Silicon detected - using optimized CPU + Neural Engine configuration
INFO 2025-07-06 09:24:29,297 basehttp 4746 6124646400 "GET /transcription-progress/?meeting_id=d8bcc45a-2f8d-4a53-a562-662362409276 HTTP/1.1" 200 71
INFO 2025-07-06 09:24:29,302 utils 4746 6158299136 Whisper model medium loaded and validated successfully on cpu with compute_type int8
INFO 2025-07-06 09:24:29,302 utils 4746 6158299136 M4 optimization: 5.6GB available, batch_size=8
INFO 2025-07-06 09:24:29,302 utils 4746 6158299136 Enhanced batched model created: batch_size=8, chunk_length=25, VAD enabled
INFO 2025-07-06 09:24:29,302 utils 4746 6158299136 Using enhanced batched inference pipeline with VAD
INFO 2025-07-06 09:24:29,302 utils 4746 6158299136 Model load time: 2.05s
INFO 2025-07-06 09:24:29,302 utils 4746 6158299136 Advanced parameters enabled for faster-whisper v1.1+
INFO 2025-07-06 09:24:29,302 utils 4746 6158299136 faster-whisper version: 1.1.1, supported params: 21
INFO 2025-07-06 09:24:29,302 utils 4746 6158299136 Word timestamps enabled
INFO 2025-07-06 09:24:29,302 utils 4746 6158299136 VAD filtering enabled with batch_size=8
INFO 2025-07-06 09:24:29,302 utils 4746 6158299136 Enhanced transcription parameters (14): ['language', 'task', 'beam_size', 'temperature', 'condition_on_previous_text', 'patience', 'suppress_blank', 'word_timestamps', 'compression_ratio_threshold', 'logprob_threshold', 'no_speech_threshold', 'vad_filter', 'batch_size', 'chunk_length']
ERROR 2025-07-06 09:24:29,302 utils 4746 6158299136 Language detection failed: 'str' object has no attribute 'dtype'
ERROR 2025-07-06 09:24:29,303 utils 4746 6158299136 Transcription failed after 2.05s: transcribe() got an unexpected keyword argument 'logprob_threshold'
INFO 2025-07-06 09:24:31,310 basehttp 4746 6124646400 "GET /transcription-progress/?meeting_id=d8bcc45a-2f8d-4a53-a562-662362409276 HTTP/1.1" 200 134
INFO 2025-07-06 09:25:20,885 autoreload 4746 8433114880 /Users/artdebmac/Desktop/2025-TMVault/00 Art/Personal Projects/TM IntelliMind/core/utils.py changed, reloading.
INFO 2025-07-06 09:25:21,306 autoreload 4884 8433114880 Watching for file changes with StatReloader
INFO 2025-07-06 09:25:22,200 utils 4884 6118043648 BatchedInferencePipeline available - advanced features enabled
INFO 2025-07-06 09:25:40,097 basehttp 4884 6134870016 "GET /create-insight/ HTTP/1.1" 200 74392
INFO 2025-07-06 09:25:42,840 basehttp 4884 6134870016 "POST /upload-audio/ HTTP/1.1" 200 112
INFO 2025-07-06 09:25:43,685 utils 4884 6168522752 Processing audio file: 1.1MB
INFO 2025-07-06 09:25:43,685 basehttp 4884 6134870016 "POST /start-transcription/ HTTP/1.1" 200 53
INFO 2025-07-06 09:25:43,691 utils 4884 6168522752 Creating enhanced batched inference pipeline for model: medium
INFO 2025-07-06 09:25:43,691 utils 4884 6168522752 Loading Whisper model: medium
INFO 2025-07-06 09:25:43,711 utils 4884 6168522752 Apple Silicon detected: Apple M4
INFO 2025-07-06 09:25:43,711 utils 4884 6168522752 Available memory: 6.4GB
INFO 2025-07-06 09:25:43,711 utils 4884 6168522752 Apple Silicon detected - using optimized CPU + Neural Engine configuration
INFO 2025-07-06 09:25:45,375 utils 4884 6168522752 Whisper model medium loaded and validated successfully on cpu with compute_type int8
INFO 2025-07-06 09:25:45,375 utils 4884 6168522752 M4 optimization: 5.6GB available, batch_size=8
INFO 2025-07-06 09:25:45,375 utils 4884 6168522752 Enhanced batched model created: batch_size=8, chunk_length=25, VAD enabled
INFO 2025-07-06 09:25:45,375 utils 4884 6168522752 Using enhanced batched inference pipeline with VAD
INFO 2025-07-06 09:25:45,375 utils 4884 6168522752 Model load time: 1.68s
INFO 2025-07-06 09:25:45,376 utils 4884 6168522752 Advanced parameters enabled for faster-whisper v1.1+
INFO 2025-07-06 09:25:45,376 utils 4884 6168522752 faster-whisper version: 1.1.1, supported params: 20
INFO 2025-07-06 09:25:45,376 utils 4884 6168522752 Word timestamps enabled
INFO 2025-07-06 09:25:45,376 utils 4884 6168522752 VAD filtering enabled with batch_size=8
INFO 2025-07-06 09:25:45,376 utils 4884 6168522752 Enhanced transcription parameters (13): ['language', 'task', 'beam_size', 'temperature', 'condition_on_previous_text', 'patience', 'suppress_blank', 'word_timestamps', 'compression_ratio_threshold', 'no_speech_threshold', 'vad_filter', 'batch_size', 'chunk_length']
ERROR 2025-07-06 09:25:45,376 utils 4884 6168522752 Language detection failed: 'str' object has no attribute 'dtype'
INFO 2025-07-06 09:25:46,344 basehttp 4884 6134870016 "GET /transcription-progress/?meeting_id=46dd51c1-2225-4fd8-8175-33ac796cd5f8 HTTP/1.1" 200 71
INFO 2025-07-06 09:25:48,351 basehttp 4884 6134870016 "GET /transcription-progress/?meeting_id=46dd51c1-2225-4fd8-8175-33ac796cd5f8 HTTP/1.1" 200 71
INFO 2025-07-06 09:25:50,366 basehttp 4884 6134870016 "GET /transcription-progress/?meeting_id=46dd51c1-2225-4fd8-8175-33ac796cd5f8 HTTP/1.1" 200 71
INFO 2025-07-06 09:25:52,374 basehttp 4884 6134870016 "GET /transcription-progress/?meeting_id=46dd51c1-2225-4fd8-8175-33ac796cd5f8 HTTP/1.1" 200 71
INFO 2025-07-06 09:25:54,380 basehttp 4884 6134870016 "GET /transcription-progress/?meeting_id=46dd51c1-2225-4fd8-8175-33ac796cd5f8 HTTP/1.1" 200 71
INFO 2025-07-06 09:25:56,386 basehttp 4884 6134870016 "GET /transcription-progress/?meeting_id=46dd51c1-2225-4fd8-8175-33ac796cd5f8 HTTP/1.1" 200 71
INFO 2025-07-06 09:25:58,392 basehttp 4884 6134870016 "GET /transcription-progress/?meeting_id=46dd51c1-2225-4fd8-8175-33ac796cd5f8 HTTP/1.1" 200 71
INFO 2025-07-06 09:26:00,396 basehttp 4884 6134870016 "GET /transcription-progress/?meeting_id=46dd51c1-2225-4fd8-8175-33ac796cd5f8 HTTP/1.1" 200 71
INFO 2025-07-06 09:26:02,401 basehttp 4884 6134870016 "GET /transcription-progress/?meeting_id=46dd51c1-2225-4fd8-8175-33ac796cd5f8 HTTP/1.1" 200 71
INFO 2025-07-06 09:26:04,408 basehttp 4884 6134870016 "GET /transcription-progress/?meeting_id=46dd51c1-2225-4fd8-8175-33ac796cd5f8 HTTP/1.1" 200 71
INFO 2025-07-06 09:26:06,413 basehttp 4884 6134870016 "GET /transcription-progress/?meeting_id=46dd51c1-2225-4fd8-8175-33ac796cd5f8 HTTP/1.1" 200 71
INFO 2025-07-06 09:26:08,418 basehttp 4884 6134870016 "GET /transcription-progress/?meeting_id=46dd51c1-2225-4fd8-8175-33ac796cd5f8 HTTP/1.1" 200 71
INFO 2025-07-06 09:26:10,424 basehttp 4884 6134870016 "GET /transcription-progress/?meeting_id=46dd51c1-2225-4fd8-8175-33ac796cd5f8 HTTP/1.1" 200 71
INFO 2025-07-06 09:26:12,429 basehttp 4884 6134870016 "GET /transcription-progress/?meeting_id=46dd51c1-2225-4fd8-8175-33ac796cd5f8 HTTP/1.1" 200 71
INFO 2025-07-06 09:26:12,444 utils 4884 6168522752 Thai text enhancement completed
INFO 2025-07-06 09:26:12,445 utils 4884 6168522752 Performance: 1.4x real-time (27.07s for 37.2s audio)
INFO 2025-07-06 09:26:12,445 utils 4884 6168522752 Transcription complete: 2 segments, 145 words
INFO 2025-07-06 09:26:12,445 utils 4884 6168522752 Detected language: th (confidence: 0.99)
INFO 2025-07-06 09:26:12,445 utils 4884 6168522752 Total processing time: 28.76s
INFO 2025-07-06 09:26:14,439 basehttp 4884 6134870016 "GET /transcription-progress/?meeting_id=46dd51c1-2225-4fd8-8175-33ac796cd5f8 HTTP/1.1" 200 1171
INFO 2025-07-06 09:26:35,019 utils 4884 6168522752 Memory usage: 76.5% - monitoring closely
INFO 2025-07-06 09:26:35,020 utils 4884 6168522752 Processing audio file: 1.1MB
INFO 2025-07-06 09:26:35,020 basehttp 4884 6134870016 "POST /start-transcription/ HTTP/1.1" 200 53
INFO 2025-07-06 09:26:35,025 utils 4884 6168522752 Creating enhanced batched inference pipeline for model: large
INFO 2025-07-06 09:26:35,025 utils 4884 6168522752 Loading Whisper model: large
INFO 2025-07-06 09:26:35,132 utils 4884 6168522752 Apple Silicon detected: Apple M4
INFO 2025-07-06 09:26:35,132 utils 4884 6168522752 Available memory: 5.6GB
INFO 2025-07-06 09:26:35,132 utils 4884 6168522752 Apple Silicon detected - using optimized CPU + Neural Engine configuration
INFO 2025-07-06 09:26:37,119 basehttp 4884 6134870016 "GET /transcription-progress/?meeting_id=46dd51c1-2225-4fd8-8175-33ac796cd5f8 HTTP/1.1" 200 1171
INFO 2025-07-06 09:26:39,083 utils 4884 6168522752 Whisper model large loaded and validated successfully on cpu with compute_type int8
INFO 2025-07-06 09:26:39,084 utils 4884 6168522752 M4 optimization: 5.5GB available, batch_size=8
INFO 2025-07-06 09:26:39,084 utils 4884 6168522752 Enhanced batched model created: batch_size=8, chunk_length=25, VAD enabled
INFO 2025-07-06 09:26:39,084 utils 4884 6168522752 Using enhanced batched inference pipeline with VAD
INFO 2025-07-06 09:26:39,084 utils 4884 6168522752 Model load time: 4.06s
INFO 2025-07-06 09:26:39,086 utils 4884 6168522752 Advanced parameters enabled for faster-whisper v1.1+
INFO 2025-07-06 09:26:39,086 utils 4884 6168522752 faster-whisper version: 1.1.1, supported params: 20
INFO 2025-07-06 09:26:39,086 utils 4884 6168522752 Word timestamps enabled
INFO 2025-07-06 09:26:39,086 utils 4884 6168522752 VAD filtering enabled with batch_size=8
INFO 2025-07-06 09:26:39,086 utils 4884 6168522752 Enhanced transcription parameters (13): ['language', 'task', 'beam_size', 'temperature', 'condition_on_previous_text', 'patience', 'suppress_blank', 'word_timestamps', 'compression_ratio_threshold', 'no_speech_threshold', 'vad_filter', 'batch_size', 'chunk_length']
ERROR 2025-07-06 09:26:39,086 utils 4884 6168522752 Language detection failed: 'str' object has no attribute 'dtype'
INFO 2025-07-06 09:26:39,146 basehttp 4884 6134870016 "GET /transcription-progress/?meeting_id=46dd51c1-2225-4fd8-8175-33ac796cd5f8 HTTP/1.1" 200 1171
INFO 2025-07-06 09:26:41,155 basehttp 4884 6134870016 "GET /transcription-progress/?meeting_id=46dd51c1-2225-4fd8-8175-33ac796cd5f8 HTTP/1.1" 200 1171
INFO 2025-07-06 09:26:43,161 basehttp 4884 6134870016 "GET /transcription-progress/?meeting_id=46dd51c1-2225-4fd8-8175-33ac796cd5f8 HTTP/1.1" 200 1171
INFO 2025-07-06 09:26:45,166 basehttp 4884 6134870016 "GET /transcription-progress/?meeting_id=46dd51c1-2225-4fd8-8175-33ac796cd5f8 HTTP/1.1" 200 1171
INFO 2025-07-06 09:26:47,173 basehttp 4884 6134870016 "GET /transcription-progress/?meeting_id=46dd51c1-2225-4fd8-8175-33ac796cd5f8 HTTP/1.1" 200 1171
INFO 2025-07-06 09:26:49,181 basehttp 4884 6134870016 "GET /transcription-progress/?meeting_id=46dd51c1-2225-4fd8-8175-33ac796cd5f8 HTTP/1.1" 200 1171
INFO 2025-07-06 09:26:51,188 basehttp 4884 6134870016 "GET /transcription-progress/?meeting_id=46dd51c1-2225-4fd8-8175-33ac796cd5f8 HTTP/1.1" 200 1171
INFO 2025-07-06 09:26:53,193 basehttp 4884 6134870016 "GET /transcription-progress/?meeting_id=46dd51c1-2225-4fd8-8175-33ac796cd5f8 HTTP/1.1" 200 1171
INFO 2025-07-06 09:26:55,198 basehttp 4884 6134870016 "GET /transcription-progress/?meeting_id=46dd51c1-2225-4fd8-8175-33ac796cd5f8 HTTP/1.1" 200 1171
INFO 2025-07-06 09:26:57,203 basehttp 4884 6134870016 "GET /transcription-progress/?meeting_id=46dd51c1-2225-4fd8-8175-33ac796cd5f8 HTTP/1.1" 200 1171
INFO 2025-07-06 09:26:59,209 basehttp 4884 6134870016 "GET /transcription-progress/?meeting_id=46dd51c1-2225-4fd8-8175-33ac796cd5f8 HTTP/1.1" 200 1171
INFO 2025-07-06 09:27:01,214 basehttp 4884 6134870016 "GET /transcription-progress/?meeting_id=46dd51c1-2225-4fd8-8175-33ac796cd5f8 HTTP/1.1" 200 1171
INFO 2025-07-06 09:27:03,218 basehttp 4884 6134870016 "GET /transcription-progress/?meeting_id=46dd51c1-2225-4fd8-8175-33ac796cd5f8 HTTP/1.1" 200 1171
INFO 2025-07-06 09:27:05,224 basehttp 4884 6134870016 "GET /transcription-progress/?meeting_id=46dd51c1-2225-4fd8-8175-33ac796cd5f8 HTTP/1.1" 200 1171
INFO 2025-07-06 09:27:07,290 basehttp 4884 6134870016 "GET /transcription-progress/?meeting_id=46dd51c1-2225-4fd8-8175-33ac796cd5f8 HTTP/1.1" 200 1171
INFO 2025-07-06 09:27:09,296 basehttp 4884 6134870016 "GET /transcription-progress/?meeting_id=46dd51c1-2225-4fd8-8175-33ac796cd5f8 HTTP/1.1" 200 1171
INFO 2025-07-06 09:27:11,305 basehttp 4884 6134870016 "GET /transcription-progress/?meeting_id=46dd51c1-2225-4fd8-8175-33ac796cd5f8 HTTP/1.1" 200 1171
INFO 2025-07-06 09:27:13,830 basehttp 4884 6134870016 "GET /transcription-progress/?meeting_id=46dd51c1-2225-4fd8-8175-33ac796cd5f8 HTTP/1.1" 200 1171
INFO 2025-07-06 09:27:16,289 basehttp 4884 6134870016 "GET /transcription-progress/?meeting_id=46dd51c1-2225-4fd8-8175-33ac796cd5f8 HTTP/1.1" 200 1171
INFO 2025-07-06 09:27:18,298 basehttp 4884 6134870016 "GET /transcription-progress/?meeting_id=46dd51c1-2225-4fd8-8175-33ac796cd5f8 HTTP/1.1" 200 1171
INFO 2025-07-06 09:27:20,309 basehttp 4884 6134870016 "GET /transcription-progress/?meeting_id=46dd51c1-2225-4fd8-8175-33ac796cd5f8 HTTP/1.1" 200 1171
INFO 2025-07-06 09:27:20,356 utils 4884 6168522752 Thai text enhancement completed
INFO 2025-07-06 09:27:20,357 utils 4884 6168522752 Performance: 0.9x real-time (41.27s for 37.2s audio)
INFO 2025-07-06 09:27:20,357 utils 4884 6168522752 Transcription complete: 2 segments, 158 words
INFO 2025-07-06 09:27:20,357 utils 4884 6168522752 Detected language: th (confidence: 0.99)
INFO 2025-07-06 09:27:20,357 utils 4884 6168522752 Total processing time: 45.34s
INFO 2025-07-06 09:27:22,319 basehttp 4884 6134870016 "GET /transcription-progress/?meeting_id=46dd51c1-2225-4fd8-8175-33ac796cd5f8 HTTP/1.1" 200 1278
INFO 2025-07-06 09:27:36,993 basehttp 4884 6134870016 "POST /generate-insights/ HTTP/1.1" 200 59
INFO 2025-07-06 09:27:39,001 basehttp 4884 6134870016 "GET /insights-progress/?meeting_id=46dd51c1-2225-4fd8-8175-33ac796cd5f8 HTTP/1.1" 200 86
INFO 2025-07-06 09:27:41,010 basehttp 4884 6134870016 "GET /insights-progress/?meeting_id=46dd51c1-2225-4fd8-8175-33ac796cd5f8 HTTP/1.1" 200 86
INFO 2025-07-06 09:27:43,019 basehttp 4884 6134870016 "GET /insights-progress/?meeting_id=46dd51c1-2225-4fd8-8175-33ac796cd5f8 HTTP/1.1" 200 86
INFO 2025-07-06 09:27:45,029 basehttp 4884 6134870016 "GET /insights-progress/?meeting_id=46dd51c1-2225-4fd8-8175-33ac796cd5f8 HTTP/1.1" 200 86
INFO 2025-07-06 09:27:47,039 basehttp 4884 6134870016 "GET /insights-progress/?meeting_id=46dd51c1-2225-4fd8-8175-33ac796cd5f8 HTTP/1.1" 200 86
INFO 2025-07-06 09:27:49,049 basehttp 4884 6134870016 "GET /insights-progress/?meeting_id=46dd51c1-2225-4fd8-8175-33ac796cd5f8 HTTP/1.1" 200 86
INFO 2025-07-06 09:27:51,058 basehttp 4884 6134870016 "GET /insights-progress/?meeting_id=46dd51c1-2225-4fd8-8175-33ac796cd5f8 HTTP/1.1" 200 86
INFO 2025-07-06 09:27:53,065 basehttp 4884 6134870016 "GET /insights-progress/?meeting_id=46dd51c1-2225-4fd8-8175-33ac796cd5f8 HTTP/1.1" 200 86
INFO 2025-07-06 09:27:55,075 basehttp 4884 6134870016 "GET /insights-progress/?meeting_id=46dd51c1-2225-4fd8-8175-33ac796cd5f8 HTTP/1.1" 200 86
INFO 2025-07-06 09:27:57,083 basehttp 4884 6134870016 "GET /insights-progress/?meeting_id=46dd51c1-2225-4fd8-8175-33ac796cd5f8 HTTP/1.1" 200 86
INFO 2025-07-06 09:27:59,093 basehttp 4884 6134870016 "GET /insights-progress/?meeting_id=46dd51c1-2225-4fd8-8175-33ac796cd5f8 HTTP/1.1" 200 86
INFO 2025-07-06 09:28:01,100 basehttp 4884 6134870016 "GET /insights-progress/?meeting_id=46dd51c1-2225-4fd8-8175-33ac796cd5f8 HTTP/1.1" 200 86
INFO 2025-07-06 09:28:03,107 basehttp 4884 6134870016 "GET /insights-progress/?meeting_id=46dd51c1-2225-4fd8-8175-33ac796cd5f8 HTTP/1.1" 200 86
INFO 2025-07-06 09:28:05,116 basehttp 4884 6134870016 "GET /insights-progress/?meeting_id=46dd51c1-2225-4fd8-8175-33ac796cd5f8 HTTP/1.1" 200 86
INFO 2025-07-06 09:28:07,126 basehttp 4884 6134870016 "GET /insights-progress/?meeting_id=46dd51c1-2225-4fd8-8175-33ac796cd5f8 HTTP/1.1" 200 86
INFO 2025-07-06 09:28:09,134 basehttp 4884 6134870016 "GET /insights-progress/?meeting_id=46dd51c1-2225-4fd8-8175-33ac796cd5f8 HTTP/1.1" 200 86
INFO 2025-07-06 09:28:11,145 basehttp 4884 6134870016 "GET /insights-progress/?meeting_id=46dd51c1-2225-4fd8-8175-33ac796cd5f8 HTTP/1.1" 200 86
INFO 2025-07-06 09:28:13,155 basehttp 4884 6134870016 "GET /insights-progress/?meeting_id=46dd51c1-2225-4fd8-8175-33ac796cd5f8 HTTP/1.1" 200 86
INFO 2025-07-06 09:28:15,163 basehttp 4884 6134870016 "GET /insights-progress/?meeting_id=46dd51c1-2225-4fd8-8175-33ac796cd5f8 HTTP/1.1" 200 86
INFO 2025-07-06 09:28:17,171 basehttp 4884 6134870016 "GET /insights-progress/?meeting_id=46dd51c1-2225-4fd8-8175-33ac796cd5f8 HTTP/1.1" 200 86
INFO 2025-07-06 09:28:19,180 basehttp 4884 6134870016 "GET /insights-progress/?meeting_id=46dd51c1-2225-4fd8-8175-33ac796cd5f8 HTTP/1.1" 200 1767
INFO 2025-07-06 09:40:07,660 utils 4884 6151696384 Memory usage: 79.8% - monitoring closely
INFO 2025-07-06 09:40:07,661 basehttp 4884 6134870016 "POST /start-transcription/ HTTP/1.1" 200 53
INFO 2025-07-06 09:40:07,662 utils 4884 6151696384 Processing audio file: 1.1MB
INFO 2025-07-06 09:40:07,666 utils 4884 6151696384 Creating enhanced batched inference pipeline for model: tiny
INFO 2025-07-06 09:40:07,666 utils 4884 6151696384 Loading Whisper model: tiny
INFO 2025-07-06 09:40:07,685 utils 4884 6151696384 Apple Silicon detected: Apple M4
INFO 2025-07-06 09:40:07,685 utils 4884 6151696384 Available memory: 4.8GB
INFO 2025-07-06 09:40:07,685 utils 4884 6151696384 Apple Silicon detected - using optimized CPU + Neural Engine configuration
INFO 2025-07-06 09:40:08,623 utils 4884 6151696384 Whisper model tiny loaded and validated successfully on cpu with compute_type int8
INFO 2025-07-06 09:40:08,623 utils 4884 6151696384 M4 optimization: 4.7GB available, batch_size=8
INFO 2025-07-06 09:40:08,623 utils 4884 6151696384 Enhanced batched model created: batch_size=8, chunk_length=25, VAD enabled
INFO 2025-07-06 09:40:08,623 utils 4884 6151696384 Using enhanced batched inference pipeline with VAD
INFO 2025-07-06 09:40:08,623 utils 4884 6151696384 Model load time: 0.96s
INFO 2025-07-06 09:40:08,624 utils 4884 6151696384 Advanced parameters enabled for faster-whisper v1.1+
INFO 2025-07-06 09:40:08,624 utils 4884 6151696384 faster-whisper version: 1.1.1, supported params: 20
INFO 2025-07-06 09:40:08,624 utils 4884 6151696384 Word timestamps enabled
INFO 2025-07-06 09:40:08,624 utils 4884 6151696384 VAD filtering enabled with batch_size=8
INFO 2025-07-06 09:40:08,624 utils 4884 6151696384 Enhanced transcription parameters (13): ['language', 'task', 'beam_size', 'temperature', 'condition_on_previous_text', 'patience', 'suppress_blank', 'word_timestamps', 'compression_ratio_threshold', 'no_speech_threshold', 'vad_filter', 'batch_size', 'chunk_length']
ERROR 2025-07-06 09:40:08,624 utils 4884 6151696384 Language detection failed: 'str' object has no attribute 'dtype'
INFO 2025-07-06 09:40:09,668 basehttp 4884 6134870016 "GET /transcription-progress/?meeting_id=46dd51c1-2225-4fd8-8175-33ac796cd5f8 HTTP/1.1" 200 1278
INFO 2025-07-06 09:40:11,675 basehttp 4884 6134870016 "GET /transcription-progress/?meeting_id=46dd51c1-2225-4fd8-8175-33ac796cd5f8 HTTP/1.1" 200 1278
INFO 2025-07-06 09:40:12,449 utils 4884 6151696384 Thai text enhancement completed
INFO 2025-07-06 09:40:12,450 utils 4884 6151696384 Performance: 9.7x real-time (3.82s for 37.2s audio)
INFO 2025-07-06 09:40:12,450 utils 4884 6151696384 Transcription complete: 2 segments, 171 words
INFO 2025-07-06 09:40:12,450 utils 4884 6151696384 Detected language: th (confidence: 0.95)
INFO 2025-07-06 09:40:12,450 utils 4884 6151696384 Total processing time: 4.79s
INFO 2025-07-06 09:40:13,685 basehttp 4884 6134870016 "GET /transcription-progress/?meeting_id=46dd51c1-2225-4fd8-8175-33ac796cd5f8 HTTP/1.1" 200 1383
INFO 2025-07-06 09:43:11,960 basehttp 4884 6134870016 "GET / HTTP/1.1" 200 23491
INFO 2025-07-06 09:46:28,967 basehttp 4884 6134870016 "GET / HTTP/1.1" 200 23491
INFO 2025-07-06 09:52:17,434 basehttp 4884 6134870016 "GET / HTTP/1.1" 200 29063
INFO 2025-07-06 09:52:17,452 basehttp 4884 6134870016 "GET /static/css/wide-screen.css HTTP/1.1" 200 9980
INFO 2025-07-06 09:52:38,499 basehttp 4884 6134870016 "GET /create-insight/ HTTP/1.1" 200 74862
INFO 2025-07-06 09:52:53,477 basehttp 4884 6134870016 "GET /create-insight/ HTTP/1.1" 200 74862
INFO 2025-07-06 09:52:53,495 basehttp 4884 6134870016 "GET /static/css/wide-screen.css HTTP/1.1" 304 0
INFO 2025-07-06 09:53:04,392 basehttp 4884 6134870016 "GET /meeting/d8bcc45a-2f8d-4a53-a562-662362409276/ HTTP/1.1" 200 19665
INFO 2025-07-06 09:56:48,133 basehttp 4884 6134870016 "GET / HTTP/1.1" 200 23590
INFO 2025-07-06 09:56:48,144 basehttp 4884 6134870016 "GET /static/css/wide-screen.css HTTP/1.1" 304 0
INFO 2025-07-06 09:56:51,525 basehttp 4884 6134870016 "GET /create-insight/ HTTP/1.1" 200 74455
INFO 2025-07-06 09:56:56,418 basehttp 4884 6134870016 "POST /upload-audio/ HTTP/1.1" 200 112
INFO 2025-07-06 09:56:57,504 utils 4884 6185922560 Memory usage: 76.7% - monitoring closely
INFO 2025-07-06 09:56:57,505 basehttp 4884 6134870016 "POST /start-transcription/ HTTP/1.1" 200 53
INFO 2025-07-06 09:56:57,505 utils 4884 6185922560 Processing audio file: 1.1MB
INFO 2025-07-06 09:56:57,508 utils 4884 6185922560 Using enhanced batched inference pipeline with VAD
INFO 2025-07-06 09:56:57,508 utils 4884 6185922560 Model load time: 0.00s
INFO 2025-07-06 09:56:57,509 utils 4884 6185922560 Advanced parameters enabled for faster-whisper v1.1+
INFO 2025-07-06 09:56:57,509 utils 4884 6185922560 faster-whisper version: 1.1.1, supported params: 20
INFO 2025-07-06 09:56:57,509 utils 4884 6185922560 Word timestamps enabled
INFO 2025-07-06 09:56:57,510 utils 4884 6185922560 VAD filtering enabled with batch_size=8
INFO 2025-07-06 09:56:57,510 utils 4884 6185922560 Enhanced transcription parameters (13): ['language', 'task', 'beam_size', 'temperature', 'condition_on_previous_text', 'patience', 'suppress_blank', 'word_timestamps', 'compression_ratio_threshold', 'no_speech_threshold', 'vad_filter', 'batch_size', 'chunk_length']
ERROR 2025-07-06 09:56:57,510 utils 4884 6185922560 Language detection failed: 'str' object has no attribute 'dtype'
INFO 2025-07-06 09:56:59,512 basehttp 4884 6134870016 "GET /transcription-progress/?meeting_id=656d0049-5ebd-4253-88fc-21184a88ec16 HTTP/1.1" 200 71
INFO 2025-07-06 09:57:01,517 basehttp 4884 6134870016 "GET /transcription-progress/?meeting_id=656d0049-5ebd-4253-88fc-21184a88ec16 HTTP/1.1" 200 71
INFO 2025-07-06 09:57:01,759 utils 4884 6185922560 Thai text enhancement completed
INFO 2025-07-06 09:57:01,760 utils 4884 6185922560 Performance: 8.7x real-time (4.25s for 37.2s audio)
INFO 2025-07-06 09:57:01,760 utils 4884 6185922560 Transcription complete: 2 segments, 171 words
INFO 2025-07-06 09:57:01,760 utils 4884 6185922560 Detected language: th (confidence: 0.95)
INFO 2025-07-06 09:57:01,760 utils 4884 6185922560 Total processing time: 4.26s
INFO 2025-07-06 09:57:03,527 basehttp 4884 6134870016 "GET /transcription-progress/?meeting_id=656d0049-5ebd-4253-88fc-21184a88ec16 HTTP/1.1" 200 1383
INFO 2025-07-06 09:57:11,274 utils 4884 6185922560 Memory usage: 76.8% - monitoring closely
INFO 2025-07-06 09:57:11,275 utils 4884 6185922560 Processing audio file: 1.1MB
INFO 2025-07-06 09:57:11,275 basehttp 4884 6134870016 "POST /start-transcription/ HTTP/1.1" 200 53
INFO 2025-07-06 09:57:11,278 utils 4884 6185922560 Creating enhanced batched inference pipeline for model: base
INFO 2025-07-06 09:57:11,278 utils 4884 6185922560 Loading Whisper model: base
INFO 2025-07-06 09:57:11,311 utils 4884 6185922560 Apple Silicon detected: Apple M4
INFO 2025-07-06 09:57:11,311 utils 4884 6185922560 Available memory: 5.6GB
INFO 2025-07-06 09:57:11,311 utils 4884 6185922560 Apple Silicon detected - using optimized CPU + Neural Engine configuration
INFO 2025-07-06 09:57:11,980 utils 4884 6185922560 Whisper model base loaded and validated successfully on cpu with compute_type int8
INFO 2025-07-06 09:57:11,980 utils 4884 6185922560 M4 optimization: 5.5GB available, batch_size=8
INFO 2025-07-06 09:57:11,980 utils 4884 6185922560 Enhanced batched model created: batch_size=8, chunk_length=25, VAD enabled
INFO 2025-07-06 09:57:11,980 utils 4884 6185922560 Using enhanced batched inference pipeline with VAD
INFO 2025-07-06 09:57:11,981 utils 4884 6185922560 Model load time: 0.70s
INFO 2025-07-06 09:57:11,981 utils 4884 6185922560 Advanced parameters enabled for faster-whisper v1.1+
INFO 2025-07-06 09:57:11,981 utils 4884 6185922560 faster-whisper version: 1.1.1, supported params: 20
INFO 2025-07-06 09:57:11,982 utils 4884 6185922560 Word timestamps enabled
INFO 2025-07-06 09:57:11,982 utils 4884 6185922560 VAD filtering enabled with batch_size=8
INFO 2025-07-06 09:57:11,982 utils 4884 6185922560 Enhanced transcription parameters (13): ['language', 'task', 'beam_size', 'temperature', 'condition_on_previous_text', 'patience', 'suppress_blank', 'word_timestamps', 'compression_ratio_threshold', 'no_speech_threshold', 'vad_filter', 'batch_size', 'chunk_length']
ERROR 2025-07-06 09:57:11,982 utils 4884 6185922560 Language detection failed: 'str' object has no attribute 'dtype'
INFO 2025-07-06 09:57:13,284 basehttp 4884 6134870016 "GET /transcription-progress/?meeting_id=656d0049-5ebd-4253-88fc-21184a88ec16 HTTP/1.1" 200 1383
INFO 2025-07-06 09:57:15,289 basehttp 4884 6134870016 "GET /transcription-progress/?meeting_id=656d0049-5ebd-4253-88fc-21184a88ec16 HTTP/1.1" 200 1383
INFO 2025-07-06 09:57:17,294 basehttp 4884 6134870016 "GET /transcription-progress/?meeting_id=656d0049-5ebd-4253-88fc-21184a88ec16 HTTP/1.1" 200 1383
INFO 2025-07-06 09:57:17,501 utils 4884 6185922560 Thai text enhancement completed
INFO 2025-07-06 09:57:17,502 utils 4884 6185922560 Performance: 6.7x real-time (5.52s for 37.2s audio)
INFO 2025-07-06 09:57:17,502 utils 4884 6185922560 Transcription complete: 2 segments, 160 words
INFO 2025-07-06 09:57:17,502 utils 4884 6185922560 Detected language: th (confidence: 0.91)
INFO 2025-07-06 09:57:17,502 utils 4884 6185922560 Total processing time: 6.23s
INFO 2025-07-06 09:57:19,302 basehttp 4884 6134870016 "GET /transcription-progress/?meeting_id=656d0049-5ebd-4253-88fc-21184a88ec16 HTTP/1.1" 200 1291
INFO 2025-07-06 09:57:26,351 utils 4884 6185922560 Memory usage: 77.1% - monitoring closely
INFO 2025-07-06 09:57:26,352 basehttp 4884 6134870016 "POST /start-transcription/ HTTP/1.1" 200 53
INFO 2025-07-06 09:57:26,352 utils 4884 6185922560 Processing audio file: 1.1MB
INFO 2025-07-06 09:57:26,356 utils 4884 6185922560 Creating enhanced batched inference pipeline for model: small
INFO 2025-07-06 09:57:26,356 utils 4884 6185922560 Loading Whisper model: small
INFO 2025-07-06 09:57:26,401 utils 4884 6185922560 Apple Silicon detected: Apple M4
INFO 2025-07-06 09:57:26,402 utils 4884 6185922560 Available memory: 5.5GB
INFO 2025-07-06 09:57:26,402 utils 4884 6185922560 Apple Silicon detected - using optimized CPU + Neural Engine configuration
INFO 2025-07-06 09:57:27,222 utils 4884 6185922560 Whisper model small loaded and validated successfully on cpu with compute_type int8
INFO 2025-07-06 09:57:27,222 utils 4884 6185922560 M4 optimization: 5.4GB available, batch_size=8
INFO 2025-07-06 09:57:27,222 utils 4884 6185922560 Enhanced batched model created: batch_size=8, chunk_length=25, VAD enabled
INFO 2025-07-06 09:57:27,222 utils 4884 6185922560 Using enhanced batched inference pipeline with VAD
INFO 2025-07-06 09:57:27,222 utils 4884 6185922560 Model load time: 0.87s
INFO 2025-07-06 09:57:27,223 utils 4884 6185922560 Advanced parameters enabled for faster-whisper v1.1+
INFO 2025-07-06 09:57:27,223 utils 4884 6185922560 faster-whisper version: 1.1.1, supported params: 20
INFO 2025-07-06 09:57:27,223 utils 4884 6185922560 Word timestamps enabled
INFO 2025-07-06 09:57:27,223 utils 4884 6185922560 VAD filtering enabled with batch_size=8
INFO 2025-07-06 09:57:27,223 utils 4884 6185922560 Enhanced transcription parameters (13): ['language', 'task', 'beam_size', 'temperature', 'condition_on_previous_text', 'patience', 'suppress_blank', 'word_timestamps', 'compression_ratio_threshold', 'no_speech_threshold', 'vad_filter', 'batch_size', 'chunk_length']
ERROR 2025-07-06 09:57:27,223 utils 4884 6185922560 Language detection failed: 'str' object has no attribute 'dtype'
INFO 2025-07-06 09:57:28,361 basehttp 4884 6134870016 "GET /transcription-progress/?meeting_id=656d0049-5ebd-4253-88fc-21184a88ec16 HTTP/1.1" 200 1291
INFO 2025-07-06 09:57:30,367 basehttp 4884 6134870016 "GET /transcription-progress/?meeting_id=656d0049-5ebd-4253-88fc-21184a88ec16 HTTP/1.1" 200 1291
INFO 2025-07-06 09:57:32,372 basehttp 4884 6134870016 "GET /transcription-progress/?meeting_id=656d0049-5ebd-4253-88fc-21184a88ec16 HTTP/1.1" 200 1291
INFO 2025-07-06 09:57:34,377 basehttp 4884 6134870016 "GET /transcription-progress/?meeting_id=656d0049-5ebd-4253-88fc-21184a88ec16 HTTP/1.1" 200 1291
INFO 2025-07-06 09:57:35,121 utils 4884 6185922560 Thai text enhancement completed
INFO 2025-07-06 09:57:35,122 utils 4884 6185922560 Performance: 4.7x real-time (7.90s for 37.2s audio)
INFO 2025-07-06 09:57:35,122 utils 4884 6185922560 Transcription complete: 2 segments, 153 words
INFO 2025-07-06 09:57:35,122 utils 4884 6185922560 Detected language: th (confidence: 0.96)
INFO 2025-07-06 09:57:35,122 utils 4884 6185922560 Total processing time: 8.77s
INFO 2025-07-06 09:57:36,388 basehttp 4884 6134870016 "GET /transcription-progress/?meeting_id=656d0049-5ebd-4253-88fc-21184a88ec16 HTTP/1.1" 200 1215
INFO 2025-07-06 09:58:55,998 basehttp 4884 6134870016 "GET / HTTP/1.1" 200 24454
INFO 2025-07-06 09:58:56,015 basehttp 4884 6134870016 "GET /static/css/wide-screen.css HTTP/1.1" 304 0
INFO 2025-07-06 10:05:26,230 basehttp 4884 6134870016 "GET / HTTP/1.1" 200 35235
INFO 2025-07-06 10:05:26,243 basehttp 4884 6134870016 "GET /static/css/wide-screen.css HTTP/1.1" 200 12851
INFO 2025-07-06 10:06:35,476 basehttp 4884 6134870016 "GET / HTTP/1.1" 200 35774
INFO 2025-07-06 10:06:35,486 basehttp 4884 6134870016 "GET /static/css/wide-screen.css HTTP/1.1" 304 0
INFO 2025-07-06 10:07:41,177 basehttp 4884 6134870016 "GET / HTTP/1.1" 200 24454
INFO 2025-07-06 10:07:41,195 basehttp 4884 6134870016 "GET /static/css/wide-screen.css HTTP/1.1" 304 0
INFO 2025-07-06 10:09:02,954 basehttp 4884 6134870016 "GET / HTTP/1.1" 200 23682
INFO 2025-07-06 10:09:02,974 basehttp 4884 6134870016 "GET /static/css/wide-screen.css HTTP/1.1" 304 0
INFO 2025-07-06 10:09:12,552 basehttp 4884 6134870016 "GET /meeting/656d0049-5ebd-4253-88fc-21184a88ec16/ HTTP/1.1" 200 20253
INFO 2025-07-06 10:09:22,034 basehttp 4884 6134870016 "GET / HTTP/1.1" 200 23682
INFO 2025-07-06 10:09:23,069 basehttp 4884 6134870016 "GET /meeting/46dd51c1-2225-4fd8-8175-33ac796cd5f8/ HTTP/1.1" 200 23230
INFO 2025-07-06 10:09:27,598 basehttp 4884 6134870016 "GET / HTTP/1.1" 200 23682
INFO 2025-07-06 10:09:27,613 basehttp 4884 6134870016 "GET /static/css/wide-screen.css HTTP/1.1" 304 0
INFO 2025-07-06 10:09:29,678 basehttp 4884 6134870016 "GET /meeting/656d0049-5ebd-4253-88fc-21184a88ec16/ HTTP/1.1" 200 20253
INFO 2025-07-06 10:09:32,167 basehttp 4884 6134870016 "GET / HTTP/1.1" 200 23682
INFO 2025-07-06 10:11:40,000 autoreload 4884 8433114880 /Users/artdebmac/Desktop/2025-TMVault/00 Art/Personal Projects/TM IntelliMind/core/urls.py changed, reloading.
INFO 2025-07-06 10:11:40,665 autoreload 9532 8433114880 Watching for file changes with StatReloader
INFO 2025-07-06 10:11:41,565 utils 9532 6141767680 BatchedInferencePipeline available - advanced features enabled
INFO 2025-07-06 10:12:17,214 autoreload 9532 8433114880 /Users/artdebmac/Desktop/2025-TMVault/00 Art/Personal Projects/TM IntelliMind/core/views.py changed, reloading.
INFO 2025-07-06 10:12:17,485 autoreload 9610 8433114880 Watching for file changes with StatReloader
INFO 2025-07-06 10:12:18,253 utils 9610 6149976064 BatchedInferencePipeline available - advanced features enabled
INFO 2025-07-06 10:15:26,135 basehttp 9610 6360805376 "GET / HTTP/1.1" 200 29312
INFO 2025-07-06 10:15:26,145 basehttp 9610 6360805376 "GET /static/css/wide-screen.css HTTP/1.1" 304 0
WARNING 2025-07-06 10:15:35,996 log 9610 6360805376 Forbidden (CSRF token from the 'X-Csrftoken' HTTP header has incorrect length.): /meeting/656d0049-5ebd-4253-88fc-21184a88ec16/delete/
WARNING 2025-07-06 10:15:35,997 basehttp 9610 6360805376 "DELETE /meeting/656d0049-5ebd-4253-88fc-21184a88ec16/delete/ HTTP/1.1" 403 2564
WARNING 2025-07-06 10:15:37,926 log 9610 6360805376 Forbidden (CSRF token from the 'X-Csrftoken' HTTP header has incorrect length.): /meeting/656d0049-5ebd-4253-88fc-21184a88ec16/delete/
WARNING 2025-07-06 10:15:37,928 basehttp 9610 6360805376 "DELETE /meeting/656d0049-5ebd-4253-88fc-21184a88ec16/delete/ HTTP/1.1" 403 2564
INFO 2025-07-06 10:19:25,732 basehttp 9610 6360805376 "GET /meeting/656d0049-5ebd-4253-88fc-21184a88ec16/ HTTP/1.1" 200 20253
INFO 2025-07-06 10:19:25,744 basehttp 9610 6360805376 "GET /static/css/wide-screen.css HTTP/1.1" 304 0
INFO 2025-07-06 10:19:27,996 basehttp 9610 6360805376 "GET / HTTP/1.1" 200 29312
WARNING 2025-07-06 10:19:34,077 log 9610 6360805376 Forbidden (CSRF token from the 'X-Csrftoken' HTTP header has incorrect length.): /meeting/656d0049-5ebd-4253-88fc-21184a88ec16/delete/
WARNING 2025-07-06 10:19:34,080 basehttp 9610 6360805376 "DELETE /meeting/656d0049-5ebd-4253-88fc-21184a88ec16/delete/ HTTP/1.1" 403 2564
